2025-04-16 02:31:42,120 [MainThread  ] [INFO ] >> CI_CD_SESSION_ID: 1744763502119561
2025-04-16 02:31:42,120 [MainThread  ] [INFO ] 
=== 1. Authorization ===
2025-04-16 02:31:42,120 [MainThread  ] [DEBUG] Starting new HTTPS connection (1): dm-em.informaticacloud.com:443
2025-04-16 02:31:42,496 [MainThread  ] [DEBUG] https://dm-em.informaticacloud.com:443 "POST /ma/api/v2/user/login HTTP/1.1" 200 None
2025-04-16 02:31:42,512 [MainThread  ] [INFO ] Authentication successful
2025-04-16 02:31:42,512 [MainThread  ] [INFO ] ic_server_url: https://emw1.dm-em.informaticacloud.com/saas
2025-04-16 02:31:42,512 [MainThread  ] [INFO ] ic_session_id: 3ecXoGt4ANxjNn7GFPptYE
2025-04-16 02:31:42,512 [MainThread  ] [INFO ] 
=== 2. Get list of objects to export ===
2025-04-16 02:31:42,519 [MainThread  ] [INFO ] [('6PVdmuxEuSSfi0FCb1CsS1', 'm_startRUN_insert_new_RUN_ID'), ('0wIuCc3kU2pba68J5W6xcl', 'tf_GLOBAL_Load_Datamats_Layers_from_1_to_4')]
2025-04-16 02:31:42,519 [MainThread  ] [INFO ] 
=== 3. Run Export Job for each object ===
2025-04-16 02:31:42,519 [MainThread  ] [INFO ] 
(3.1) >> export_job_name: m_startRUN_insert_new_RUN_ID-1744763502119561
2025-04-16 02:31:42,519 [MainThread  ] [DEBUG] Starting new HTTPS connection (1): emw1.dm-em.informaticacloud.com:443
2025-04-16 02:31:42,961 [MainThread  ] [DEBUG] https://emw1.dm-em.informaticacloud.com:443 "POST /saas/public/core/v3/export HTTP/1.1" 200 None
2025-04-16 02:31:42,961 [MainThread  ] [INFO ] (3.1) >> ic_export_job_id: 8OoBIdClgAniMEjCxNfpYW
2025-04-16 02:31:45,972 [MainThread  ] [INFO ] 
===  4.1 Checking Export Job status ===
2025-04-16 02:31:45,972 [MainThread  ] [DEBUG] Starting new HTTPS connection (1): emw1.dm-em.informaticacloud.com:443
2025-04-16 02:31:46,192 [MainThread  ] [DEBUG] https://emw1.dm-em.informaticacloud.com:443 "GET /saas/public/core/v3/export/8OoBIdClgAniMEjCxNfpYW HTTP/1.1" 200 None
2025-04-16 02:31:46,210 [MainThread  ] [INFO ] (4.1) >> [1] check_export_job_status: SUCCESSFUL
2025-04-16 02:31:46,211 [MainThread  ] [INFO ] 
===  5.1 Load Export Package ===
2025-04-16 02:31:46,211 [MainThread  ] [INFO ] >> Export directory created: ././export_to_import/dev_to_qa/1744763502119561/
2025-04-16 02:31:46,213 [MainThread  ] [DEBUG] Starting new HTTPS connection (1): emw1.dm-em.informaticacloud.com:443
2025-04-16 02:31:46,473 [MainThread  ] [DEBUG] https://emw1.dm-em.informaticacloud.com:443 "GET /saas/public/core/v3/export/8OoBIdClgAniMEjCxNfpYW/package HTTP/1.1" 200 None
2025-04-16 02:31:46,473 [MainThread  ] [INFO ] [V] Package saved successfully in path '././export_to_import/dev_to_qa/1744763502119561/m_startRUN_insert_new_RUN_ID-1744763502119561.zip'
2025-04-16 02:31:46,482 [MainThread  ] [INFO ] (5.1) -=[~+~] Package exported successfully [~+~]=-
2025-04-16 02:31:46,482 [MainThread  ] [INFO ] 
===  6.1 Load Export Package Log ===
2025-04-16 02:31:46,482 [MainThread  ] [INFO ] >> Export Log directory created: ././log/log_export/1744763502119561/
2025-04-16 02:31:46,482 [MainThread  ] [DEBUG] Starting new HTTPS connection (1): emw1.dm-em.informaticacloud.com:443
2025-04-16 02:31:46,733 [MainThread  ] [DEBUG] https://emw1.dm-em.informaticacloud.com:443 "GET /saas/public/core/v3/export/8OoBIdClgAniMEjCxNfpYW/log HTTP/1.1" 200 None
2025-04-16 02:31:46,746 [MainThread  ] [INFO ] [V] Export Log saved successfully in path '././log/log_export/1744763502119561/ex_m_startRUN_insert_new_RUN_ID-1744763502119561.txt'
2025-04-16 02:31:46,750 [MainThread  ] [INFO ] (6.1) [+] Export log saved
2025-04-16 02:31:46,751 [MainThread  ] [INFO ] ==========================================================
2025-04-16 02:31:46,751 [MainThread  ] [INFO ] 
(3.2) >> export_job_name: tf_GLOBAL_Load_Datamats_Layers_from_1_to_4-1744763502119561
2025-04-16 02:31:46,752 [MainThread  ] [DEBUG] Starting new HTTPS connection (1): emw1.dm-em.informaticacloud.com:443
2025-04-16 02:31:47,200 [MainThread  ] [DEBUG] https://emw1.dm-em.informaticacloud.com:443 "POST /saas/public/core/v3/export HTTP/1.1" 200 None
2025-04-16 02:31:47,220 [MainThread  ] [INFO ] (3.2) >> ic_export_job_id: 6cCSFH4uNOgftv6FgIvpkc
2025-04-16 02:31:50,222 [MainThread  ] [INFO ] 
===  4.2 Checking Export Job status ===
2025-04-16 02:31:50,223 [MainThread  ] [DEBUG] Starting new HTTPS connection (1): emw1.dm-em.informaticacloud.com:443
2025-04-16 02:31:50,442 [MainThread  ] [DEBUG] https://emw1.dm-em.informaticacloud.com:443 "GET /saas/public/core/v3/export/6cCSFH4uNOgftv6FgIvpkc HTTP/1.1" 200 None
2025-04-16 02:31:50,460 [MainThread  ] [INFO ] (4.2) >> [1] check_export_job_status: SUCCESSFUL
2025-04-16 02:31:50,460 [MainThread  ] [INFO ] 
===  5.2 Load Export Package ===
2025-04-16 02:31:50,461 [MainThread  ] [DEBUG] Starting new HTTPS connection (1): emw1.dm-em.informaticacloud.com:443
2025-04-16 02:31:50,689 [MainThread  ] [DEBUG] https://emw1.dm-em.informaticacloud.com:443 "GET /saas/public/core/v3/export/6cCSFH4uNOgftv6FgIvpkc/package HTTP/1.1" 200 None
2025-04-16 02:31:50,689 [MainThread  ] [INFO ] [V] Package saved successfully in path '././export_to_import/dev_to_qa/1744763502119561/tf_GLOBAL_Load_Datamats_Layers_from_1_to_4-1744763502119561.zip'
2025-04-16 02:31:50,689 [MainThread  ] [INFO ] (5.2) -=[~+~] Package exported successfully [~+~]=-
2025-04-16 02:31:50,689 [MainThread  ] [INFO ] 
===  6.2 Load Export Package Log ===
2025-04-16 02:31:50,694 [MainThread  ] [DEBUG] Starting new HTTPS connection (1): emw1.dm-em.informaticacloud.com:443
2025-04-16 02:31:50,947 [MainThread  ] [DEBUG] https://emw1.dm-em.informaticacloud.com:443 "GET /saas/public/core/v3/export/6cCSFH4uNOgftv6FgIvpkc/log HTTP/1.1" 200 None
2025-04-16 02:31:50,960 [MainThread  ] [INFO ] [V] Export Log saved successfully in path '././log/log_export/1744763502119561/ex_tf_GLOBAL_Load_Datamats_Layers_from_1_to_4-1744763502119561.txt'
2025-04-16 02:31:50,961 [MainThread  ] [INFO ] (6.2) [+] Export log saved
2025-04-16 02:31:50,961 [MainThread  ] [INFO ] ==========================================================
2025-04-16 02:31:50,961 [MainThread  ] [INFO ] 
=== Export is finished | CI_CD_SESSION_ID: 1744763502119561 ===
