2025-04-22 08:29:21,909 [MainThread  ] [INFO   ] >> CI_CD_SESSION_ID: 1745303361909712
2025-04-22 08:29:21,909 [MainThread  ] [INFO   ] 
=== 1. Authorization ===
2025-04-22 08:29:21,925 [MainThread  ] [DEBUG  ] Starting new HTTPS connection (1): dm-em.informaticacloud.com:443
2025-04-22 08:29:22,402 [MainThread  ] [DEBUG  ] https://dm-em.informaticacloud.com:443 "POST /ma/api/v2/user/login HTTP/1.1" 200 None
2025-04-22 08:29:22,402 [MainThread  ] [INFO   ] Authentication successful
2025-04-22 08:29:22,417 [MainThread  ] [INFO   ] ic_server_url: https://emw1.dm-em.informaticacloud.com/saas
2025-04-22 08:29:22,417 [MainThread  ] [INFO   ] ic_session_id: jXTmwZMoXOkbM4WTKkyvaK
2025-04-22 08:29:22,417 [MainThread  ] [INFO   ] 
=== 2. Get list of objects to export ===
2025-04-22 08:29:22,424 [MainThread  ] [INFO   ] 
=== 3. Create cdi_objects collection ===
2025-04-22 08:29:22,424 [MainThread  ] [INFO   ] (3) add Mappings
2025-04-22 08:29:22,428 [MainThread  ] [DEBUG  ] Starting new HTTPS connection (1): emw1.dm-em.informaticacloud.com:443
2025-04-22 08:29:23,780 [MainThread  ] [DEBUG  ] https://emw1.dm-em.informaticacloud.com:443 "GET /saas/public/core/v3/objects?q=type=='Mapping' HTTP/1.1" 200 None
2025-04-22 08:29:23,846 [MainThread  ] [INFO   ] (3) add Mapping Tasks
2025-04-22 08:29:23,847 [MainThread  ] [DEBUG  ] Starting new HTTPS connection (1): emw1.dm-em.informaticacloud.com:443
2025-04-22 08:29:25,016 [MainThread  ] [DEBUG  ] https://emw1.dm-em.informaticacloud.com:443 "GET /saas/public/core/v3/objects?q=type=='MTT' HTTP/1.1" 200 None
2025-04-22 08:29:25,082 [MainThread  ] [INFO   ] (3) add TaskFlows
2025-04-22 08:29:25,086 [MainThread  ] [DEBUG  ] Starting new HTTPS connection (1): emw1.dm-em.informaticacloud.com:443
2025-04-22 08:29:25,937 [MainThread  ] [DEBUG  ] https://emw1.dm-em.informaticacloud.com:443 "GET /saas/public/core/v3/objects?q=type=='TASKFLOW' HTTP/1.1" 200 None
2025-04-22 08:29:25,937 [MainThread  ] [INFO   ] 
=== 4. Search id for objects ====
2025-04-22 08:29:25,952 [MainThread  ] [INFO   ] (4) map_object_to_export: 
{'IDMC_demo/ETL_Pipelines_idmc/m_calc_budget_usage_datamart': ('m_calc_budget_usage_datamart', '8PQLN3bB82EfLMhnVaAoil'), 'IDMC_demo/ETL_Pipelines_idmc/mt_calc_datamart_Budget_usage': ('mt_calc_datamart_Budget_usage', '6tbjQouMPZ9bSMguFJBwky'), 'IDMC_demo/ETL_Pipelines_idmc/tf_run_data_load_to_DWH': ('tf_run_data_load_to_DWH', 'dpF0myoYhsbhdXbeXp004S'), 'ETL Framework/SNE_Transfer_To_Datamarts_Layer_1/m_startRUN_insert_new_RUN_ID': ('m_startRUN_insert_new_RUN_ID', '6PVdmuxEuSSfi0FCb1CsS1'), 'ETL Framework/SNE_Transfer_To_Datamarts_Layer_1/mt_startRUN_custom_scen': ('mt_startRUN_custom_scen', '7ytNIqjKXwyj8bk2hGNzYI'), 'ETL Framework/SNE_Transfer_To_Datamarts_Layer_1/tf_Global_LOAD_Datamarts_Layer_1': ('tf_Global_LOAD_Datamarts_Layer_1', 'exEWE5dAvEGiMQGND2DRu3'), 'ETL Framework/SNE_00_GLOBAL_TF_Orchestration/tf_GLOBAL_Load_Datamats_Layers_from_1_to_4': ('tf_GLOBAL_Load_Datamats_Layers_from_1_to_4', '0wIuCc3kU2pba68J5W6xcl')}
2025-04-22 08:29:25,952 [MainThread  ] [INFO   ] 
=== 5. Run Export - Import Job for each object ===
2025-04-22 08:29:25,952 [MainThread  ] [INFO   ] 
(5.1) >> ic_object_path: IDMC_demo/ETL_Pipelines_idmc/m_calc_budget_usage_datamart | ic_object_name: m_calc_budget_usage_datamart | ic_object_id: 8PQLN3bB82EfLMhnVaAoil
2025-04-22 08:29:25,952 [MainThread  ] [INFO   ] 
(5.1) >> export_job_name: m_calc_budget_usage_datamart-1745303361909712
2025-04-22 08:29:25,952 [MainThread  ] [DEBUG  ] Starting new HTTPS connection (1): emw1.dm-em.informaticacloud.com:443
2025-04-22 08:29:26,355 [MainThread  ] [DEBUG  ] https://emw1.dm-em.informaticacloud.com:443 "POST /saas/public/core/v3/export HTTP/1.1" 200 None
2025-04-22 08:29:26,378 [MainThread  ] [INFO   ] (5.1) >> ic_export_job_id: gwJ1LQNzDoYiQF4whMJFCl
2025-04-22 08:29:29,383 [MainThread  ] [INFO   ] 
===  6.1 Checking Export Job status ===
2025-04-22 08:29:29,383 [MainThread  ] [DEBUG  ] Starting new HTTPS connection (1): emw1.dm-em.informaticacloud.com:443
2025-04-22 08:29:29,604 [MainThread  ] [DEBUG  ] https://emw1.dm-em.informaticacloud.com:443 "GET /saas/public/core/v3/export/gwJ1LQNzDoYiQF4whMJFCl HTTP/1.1" 200 None
2025-04-22 08:29:29,621 [MainThread  ] [INFO   ] (6.1) >> [1] check ic_export_job_status: SUCCESSFUL
2025-04-22 08:29:29,621 [MainThread  ] [INFO   ] 
===  7.1 Load Export Package ===
2025-04-22 08:29:29,621 [MainThread  ] [INFO   ] >> Export directory created: c:/Users/azhurl01/My_GitHub/demo_informatica_ci_cd/CDI/export_to_import/dev_to_qa/1745303361909712/
2025-04-22 08:29:29,638 [MainThread  ] [DEBUG  ] Starting new HTTPS connection (1): emw1.dm-em.informaticacloud.com:443
2025-04-22 08:29:29,920 [MainThread  ] [DEBUG  ] https://emw1.dm-em.informaticacloud.com:443 "GET /saas/public/core/v3/export/gwJ1LQNzDoYiQF4whMJFCl/package HTTP/1.1" 200 None
2025-04-22 08:29:29,923 [MainThread  ] [INFO   ] [V] Package saved successfully in path 'c:/Users/azhurl01/My_GitHub/demo_informatica_ci_cd/CDI/export_to_import/dev_to_qa/1745303361909712/m_calc_budget_usage_datamart-1745303361909712.zip'
2025-04-22 08:29:29,923 [MainThread  ] [INFO   ] (7.1) -=[~+~] Package exported successfully [~+~]=-
2025-04-22 08:29:29,923 [MainThread  ] [INFO   ] 
===  8.1 Load Export Package Log ===
2025-04-22 08:29:29,927 [MainThread  ] [INFO   ] >> Export Log directory created: c:/Users/azhurl01/My_GitHub/demo_informatica_ci_cd/CDI/log/log_export/1745303361909712/
2025-04-22 08:29:29,929 [MainThread  ] [DEBUG  ] Starting new HTTPS connection (1): emw1.dm-em.informaticacloud.com:443
2025-04-22 08:29:30,171 [MainThread  ] [DEBUG  ] https://emw1.dm-em.informaticacloud.com:443 "GET /saas/public/core/v3/export/gwJ1LQNzDoYiQF4whMJFCl/log HTTP/1.1" 200 None
2025-04-22 08:29:30,195 [MainThread  ] [INFO   ] [V] Export Log saved successfully in path 'c:/Users/azhurl01/My_GitHub/demo_informatica_ci_cd/CDI/log/log_export/1745303361909712/ex_m_calc_budget_usage_datamart-1745303361909712.txt'
2025-04-22 08:29:30,197 [MainThread  ] [INFO   ] (8.1) [+] Export log saved
2025-04-22 08:29:30,197 [MainThread  ] [INFO   ] ==========================================================
2025-04-22 08:29:30,199 [MainThread  ] [INFO   ] 
=== 9. Upload Import Package === 
2025-04-22 08:29:30,199 [MainThread  ] [INFO   ] export_to_import_path: c:/Users/azhurl01/My_GitHub/demo_informatica_ci_cd/CDI/export_to_import/dev_to_qa/1745303361909712/m_calc_budget_usage_datamart-1745303361909712.zip
2025-04-22 08:29:30,231 [MainThread  ] [DEBUG  ] Starting new HTTPS connection (1): emw1.dm-em.informaticacloud.com:443
2025-04-22 08:29:30,592 [MainThread  ] [DEBUG  ] https://emw1.dm-em.informaticacloud.com:443 "POST /saas/public/core/v3/import/package HTTP/1.1" 200 None
2025-04-22 08:29:30,610 [MainThread  ] [INFO   ] [V] Import package uploaded successfully
2025-04-22 08:29:30,612 [MainThread  ] [INFO   ] (9.1) ic_import_job_id: 4yaGsNMuFIUlslT66Yd1IT
2025-04-22 08:29:30,614 [MainThread  ] [INFO   ] 
=== 10. Create Import Job ===
2025-04-22 08:29:30,615 [MainThread  ] [DEBUG  ] Starting new HTTPS connection (1): emw1.dm-em.informaticacloud.com:443
2025-04-22 08:29:31,082 [MainThread  ] [DEBUG  ] https://emw1.dm-em.informaticacloud.com:443 "POST /saas/public/core/v3/import/4yaGsNMuFIUlslT66Yd1IT HTTP/1.1" 200 None
2025-04-22 08:29:31,082 [MainThread  ] [INFO   ] [V] Import Job created successfully
2025-04-22 08:29:31,082 [MainThread  ] [INFO   ] (10) ic_import_job_status: IN_PROGRESS
2025-04-22 08:29:34,085 [MainThread  ] [INFO   ] 
=== 11.1 Checking Import Job status ===
2025-04-22 08:29:34,085 [MainThread  ] [DEBUG  ] Starting new HTTPS connection (1): emw1.dm-em.informaticacloud.com:443
2025-04-22 08:29:34,308 [MainThread  ] [DEBUG  ] https://emw1.dm-em.informaticacloud.com:443 "GET /saas/public/core/v3/export/gwJ1LQNzDoYiQF4whMJFCl HTTP/1.1" 200 None
2025-04-22 08:29:34,309 [MainThread  ] [INFO   ] (11.1) >> [1] check ic_import_job_status: SUCCESSFUL
2025-04-22 08:29:34,309 [MainThread  ] [INFO   ] 
=== 12.1 Load Export Package Log ===
2025-04-22 08:29:34,323 [MainThread  ] [INFO   ] >> Import Log directory created: c:/Users/azhurl01/My_GitHub/demo_informatica_ci_cd/CDI/log/log_import/1745303361909712/
2025-04-22 08:29:34,326 [MainThread  ] [DEBUG  ] Starting new HTTPS connection (1): emw1.dm-em.informaticacloud.com:443
2025-04-22 08:29:34,552 [MainThread  ] [DEBUG  ] https://emw1.dm-em.informaticacloud.com:443 "GET /saas/public/core/v3/import/4yaGsNMuFIUlslT66Yd1IT/log HTTP/1.1" 200 None
2025-04-22 08:29:34,552 [MainThread  ] [INFO   ] [V] Export Log saved successfully in path 'c:/Users/azhurl01/My_GitHub/demo_informatica_ci_cd/CDI/log/log_import/1745303361909712/im_m_calc_budget_usage_datamart-1745303361909712.txt'
2025-04-22 08:29:34,552 [MainThread  ] [INFO   ] (12.1) [+] Import log saved
2025-04-22 08:29:34,552 [MainThread  ] [INFO   ] 
(5.2) >> ic_object_path: IDMC_demo/ETL_Pipelines_idmc/mt_calc_datamart_Budget_usage | ic_object_name: mt_calc_datamart_Budget_usage | ic_object_id: 6tbjQouMPZ9bSMguFJBwky
2025-04-22 08:29:34,565 [MainThread  ] [INFO   ] 
(5.2) >> export_job_name: mt_calc_datamart_Budget_usage-1745303361909712
2025-04-22 08:29:34,566 [MainThread  ] [DEBUG  ] Starting new HTTPS connection (1): emw1.dm-em.informaticacloud.com:443
2025-04-22 08:29:35,003 [MainThread  ] [DEBUG  ] https://emw1.dm-em.informaticacloud.com:443 "POST /saas/public/core/v3/export HTTP/1.1" 200 None
2025-04-22 08:29:35,020 [MainThread  ] [INFO   ] (5.2) >> ic_export_job_id: g9Z59vyX56QeX7Zn2JvEmR
2025-04-22 08:29:38,024 [MainThread  ] [INFO   ] 
===  6.2 Checking Export Job status ===
2025-04-22 08:29:38,026 [MainThread  ] [DEBUG  ] Starting new HTTPS connection (1): emw1.dm-em.informaticacloud.com:443
2025-04-22 08:29:38,239 [MainThread  ] [DEBUG  ] https://emw1.dm-em.informaticacloud.com:443 "GET /saas/public/core/v3/export/g9Z59vyX56QeX7Zn2JvEmR HTTP/1.1" 200 None
2025-04-22 08:29:38,270 [MainThread  ] [INFO   ] (6.2) >> [1] check ic_export_job_status: SUCCESSFUL
2025-04-22 08:29:38,270 [MainThread  ] [INFO   ] 
===  7.2 Load Export Package ===
2025-04-22 08:29:38,274 [MainThread  ] [DEBUG  ] Starting new HTTPS connection (1): emw1.dm-em.informaticacloud.com:443
2025-04-22 08:29:38,484 [MainThread  ] [DEBUG  ] https://emw1.dm-em.informaticacloud.com:443 "GET /saas/public/core/v3/export/g9Z59vyX56QeX7Zn2JvEmR/package HTTP/1.1" 200 None
2025-04-22 08:29:38,484 [MainThread  ] [INFO   ] [V] Package saved successfully in path 'c:/Users/azhurl01/My_GitHub/demo_informatica_ci_cd/CDI/export_to_import/dev_to_qa/1745303361909712/mt_calc_datamart_Budget_usage-1745303361909712.zip'
2025-04-22 08:29:38,484 [MainThread  ] [INFO   ] (7.2) -=[~+~] Package exported successfully [~+~]=-
2025-04-22 08:29:38,484 [MainThread  ] [INFO   ] 
===  8.2 Load Export Package Log ===
2025-04-22 08:29:38,484 [MainThread  ] [DEBUG  ] Starting new HTTPS connection (1): emw1.dm-em.informaticacloud.com:443
2025-04-22 08:29:38,736 [MainThread  ] [DEBUG  ] https://emw1.dm-em.informaticacloud.com:443 "GET /saas/public/core/v3/export/g9Z59vyX56QeX7Zn2JvEmR/log HTTP/1.1" 200 None
2025-04-22 08:29:38,754 [MainThread  ] [INFO   ] [V] Export Log saved successfully in path 'c:/Users/azhurl01/My_GitHub/demo_informatica_ci_cd/CDI/log/log_export/1745303361909712/ex_mt_calc_datamart_Budget_usage-1745303361909712.txt'
2025-04-22 08:29:38,761 [MainThread  ] [INFO   ] (8.2) [+] Export log saved
2025-04-22 08:29:38,761 [MainThread  ] [INFO   ] ==========================================================
2025-04-22 08:29:38,761 [MainThread  ] [INFO   ] 
=== 9. Upload Import Package === 
2025-04-22 08:29:38,761 [MainThread  ] [INFO   ] export_to_import_path: c:/Users/azhurl01/My_GitHub/demo_informatica_ci_cd/CDI/export_to_import/dev_to_qa/1745303361909712/mt_calc_datamart_Budget_usage-1745303361909712.zip
2025-04-22 08:29:38,788 [MainThread  ] [DEBUG  ] Starting new HTTPS connection (1): emw1.dm-em.informaticacloud.com:443
2025-04-22 08:29:39,109 [MainThread  ] [DEBUG  ] https://emw1.dm-em.informaticacloud.com:443 "POST /saas/public/core/v3/import/package HTTP/1.1" 200 None
2025-04-22 08:29:39,109 [MainThread  ] [INFO   ] [V] Import package uploaded successfully
2025-04-22 08:29:39,109 [MainThread  ] [INFO   ] (9.2) ic_import_job_id: 8LF0O7AjodhhPK1tw1Kr2A
2025-04-22 08:29:39,109 [MainThread  ] [INFO   ] 
=== 10. Create Import Job ===
2025-04-22 08:29:39,127 [MainThread  ] [DEBUG  ] Starting new HTTPS connection (1): emw1.dm-em.informaticacloud.com:443
2025-04-22 08:29:39,442 [MainThread  ] [DEBUG  ] https://emw1.dm-em.informaticacloud.com:443 "POST /saas/public/core/v3/import/8LF0O7AjodhhPK1tw1Kr2A HTTP/1.1" 200 None
2025-04-22 08:29:39,458 [MainThread  ] [INFO   ] [V] Import Job created successfully
2025-04-22 08:29:39,458 [MainThread  ] [INFO   ] (10) ic_import_job_status: IN_PROGRESS
2025-04-22 08:29:42,463 [MainThread  ] [INFO   ] 
=== 11.2 Checking Import Job status ===
2025-04-22 08:29:42,463 [MainThread  ] [DEBUG  ] Starting new HTTPS connection (1): emw1.dm-em.informaticacloud.com:443
2025-04-22 08:29:42,680 [MainThread  ] [DEBUG  ] https://emw1.dm-em.informaticacloud.com:443 "GET /saas/public/core/v3/export/g9Z59vyX56QeX7Zn2JvEmR HTTP/1.1" 200 None
2025-04-22 08:29:42,696 [MainThread  ] [INFO   ] (11.2) >> [1] check ic_import_job_status: SUCCESSFUL
2025-04-22 08:29:42,696 [MainThread  ] [INFO   ] 
=== 12.2 Load Export Package Log ===
2025-04-22 08:29:42,705 [MainThread  ] [DEBUG  ] Starting new HTTPS connection (1): emw1.dm-em.informaticacloud.com:443
2025-04-22 08:29:42,938 [MainThread  ] [DEBUG  ] https://emw1.dm-em.informaticacloud.com:443 "GET /saas/public/core/v3/import/8LF0O7AjodhhPK1tw1Kr2A/log HTTP/1.1" 200 None
2025-04-22 08:29:42,953 [MainThread  ] [INFO   ] [V] Export Log saved successfully in path 'c:/Users/azhurl01/My_GitHub/demo_informatica_ci_cd/CDI/log/log_import/1745303361909712/im_mt_calc_datamart_Budget_usage-1745303361909712.txt'
2025-04-22 08:29:42,953 [MainThread  ] [INFO   ] (12.2) [+] Import log saved
2025-04-22 08:29:42,953 [MainThread  ] [INFO   ] 
(5.3) >> ic_object_path: IDMC_demo/ETL_Pipelines_idmc/tf_run_data_load_to_DWH | ic_object_name: tf_run_data_load_to_DWH | ic_object_id: dpF0myoYhsbhdXbeXp004S
2025-04-22 08:29:42,953 [MainThread  ] [INFO   ] 
(5.3) >> export_job_name: tf_run_data_load_to_DWH-1745303361909712
2025-04-22 08:29:42,970 [MainThread  ] [DEBUG  ] Starting new HTTPS connection (1): emw1.dm-em.informaticacloud.com:443
2025-04-22 08:29:43,472 [MainThread  ] [DEBUG  ] https://emw1.dm-em.informaticacloud.com:443 "POST /saas/public/core/v3/export HTTP/1.1" 200 None
2025-04-22 08:29:43,485 [MainThread  ] [INFO   ] (5.3) >> ic_export_job_id: 0QnWN3TuDA7biNOscchI2q
2025-04-22 08:29:46,486 [MainThread  ] [INFO   ] 
===  6.3 Checking Export Job status ===
2025-04-22 08:29:46,486 [MainThread  ] [DEBUG  ] Starting new HTTPS connection (1): emw1.dm-em.informaticacloud.com:443
2025-04-22 08:29:46,704 [MainThread  ] [DEBUG  ] https://emw1.dm-em.informaticacloud.com:443 "GET /saas/public/core/v3/export/0QnWN3TuDA7biNOscchI2q HTTP/1.1" 200 None
2025-04-22 08:29:46,719 [MainThread  ] [INFO   ] (6.3) >> [1] check ic_export_job_status: SUCCESSFUL
2025-04-22 08:29:46,719 [MainThread  ] [INFO   ] 
===  7.3 Load Export Package ===
2025-04-22 08:29:46,719 [MainThread  ] [DEBUG  ] Starting new HTTPS connection (1): emw1.dm-em.informaticacloud.com:443
2025-04-22 08:29:46,937 [MainThread  ] [DEBUG  ] https://emw1.dm-em.informaticacloud.com:443 "GET /saas/public/core/v3/export/0QnWN3TuDA7biNOscchI2q/package HTTP/1.1" 200 None
2025-04-22 08:29:46,937 [MainThread  ] [INFO   ] [V] Package saved successfully in path 'c:/Users/azhurl01/My_GitHub/demo_informatica_ci_cd/CDI/export_to_import/dev_to_qa/1745303361909712/tf_run_data_load_to_DWH-1745303361909712.zip'
2025-04-22 08:29:46,937 [MainThread  ] [INFO   ] (7.3) -=[~+~] Package exported successfully [~+~]=-
2025-04-22 08:29:46,937 [MainThread  ] [INFO   ] 
===  8.3 Load Export Package Log ===
2025-04-22 08:29:46,947 [MainThread  ] [DEBUG  ] Starting new HTTPS connection (1): emw1.dm-em.informaticacloud.com:443
2025-04-22 08:29:47,189 [MainThread  ] [DEBUG  ] https://emw1.dm-em.informaticacloud.com:443 "GET /saas/public/core/v3/export/0QnWN3TuDA7biNOscchI2q/log HTTP/1.1" 200 None
2025-04-22 08:29:47,209 [MainThread  ] [INFO   ] [V] Export Log saved successfully in path 'c:/Users/azhurl01/My_GitHub/demo_informatica_ci_cd/CDI/log/log_export/1745303361909712/ex_tf_run_data_load_to_DWH-1745303361909712.txt'
2025-04-22 08:29:47,210 [MainThread  ] [INFO   ] (8.3) [+] Export log saved
2025-04-22 08:29:47,210 [MainThread  ] [INFO   ] ==========================================================
2025-04-22 08:29:47,213 [MainThread  ] [INFO   ] 
=== 9. Upload Import Package === 
2025-04-22 08:29:47,213 [MainThread  ] [INFO   ] export_to_import_path: c:/Users/azhurl01/My_GitHub/demo_informatica_ci_cd/CDI/export_to_import/dev_to_qa/1745303361909712/tf_run_data_load_to_DWH-1745303361909712.zip
2025-04-22 08:29:47,242 [MainThread  ] [DEBUG  ] Starting new HTTPS connection (1): emw1.dm-em.informaticacloud.com:443
2025-04-22 08:29:47,518 [MainThread  ] [DEBUG  ] https://emw1.dm-em.informaticacloud.com:443 "POST /saas/public/core/v3/import/package HTTP/1.1" 200 None
2025-04-22 08:29:47,549 [MainThread  ] [INFO   ] [V] Import package uploaded successfully
2025-04-22 08:29:47,549 [MainThread  ] [INFO   ] (9.3) ic_import_job_id: dWGu5Vaq4O3g5e9s5IFZmB
2025-04-22 08:29:47,549 [MainThread  ] [INFO   ] 
=== 10. Create Import Job ===
2025-04-22 08:29:47,552 [MainThread  ] [DEBUG  ] Starting new HTTPS connection (1): emw1.dm-em.informaticacloud.com:443
2025-04-22 08:29:47,979 [MainThread  ] [DEBUG  ] https://emw1.dm-em.informaticacloud.com:443 "POST /saas/public/core/v3/import/dWGu5Vaq4O3g5e9s5IFZmB HTTP/1.1" 200 None
2025-04-22 08:29:47,979 [MainThread  ] [INFO   ] [V] Import Job created successfully
2025-04-22 08:29:47,979 [MainThread  ] [INFO   ] (10) ic_import_job_status: IN_PROGRESS
2025-04-22 08:29:50,985 [MainThread  ] [INFO   ] 
=== 11.3 Checking Import Job status ===
2025-04-22 08:29:50,985 [MainThread  ] [DEBUG  ] Starting new HTTPS connection (1): emw1.dm-em.informaticacloud.com:443
2025-04-22 08:29:51,194 [MainThread  ] [DEBUG  ] https://emw1.dm-em.informaticacloud.com:443 "GET /saas/public/core/v3/export/0QnWN3TuDA7biNOscchI2q HTTP/1.1" 200 None
2025-04-22 08:29:51,210 [MainThread  ] [INFO   ] (11.3) >> [1] check ic_import_job_status: SUCCESSFUL
2025-04-22 08:29:51,220 [MainThread  ] [INFO   ] 
=== 12.3 Load Export Package Log ===
2025-04-22 08:29:51,220 [MainThread  ] [DEBUG  ] Starting new HTTPS connection (1): emw1.dm-em.informaticacloud.com:443
2025-04-22 08:29:51,462 [MainThread  ] [DEBUG  ] https://emw1.dm-em.informaticacloud.com:443 "GET /saas/public/core/v3/import/dWGu5Vaq4O3g5e9s5IFZmB/log HTTP/1.1" 200 None
2025-04-22 08:29:51,480 [MainThread  ] [INFO   ] [V] Export Log saved successfully in path 'c:/Users/azhurl01/My_GitHub/demo_informatica_ci_cd/CDI/log/log_import/1745303361909712/im_tf_run_data_load_to_DWH-1745303361909712.txt'
2025-04-22 08:29:51,483 [MainThread  ] [INFO   ] (12.3) [+] Import log saved
2025-04-22 08:29:51,483 [MainThread  ] [INFO   ] 
(5.4) >> ic_object_path: ETL Framework/SNE_Transfer_To_Datamarts_Layer_1/m_startRUN_insert_new_RUN_ID | ic_object_name: m_startRUN_insert_new_RUN_ID | ic_object_id: 6PVdmuxEuSSfi0FCb1CsS1
2025-04-22 08:29:51,484 [MainThread  ] [INFO   ] 
(5.4) >> export_job_name: m_startRUN_insert_new_RUN_ID-1745303361909712
2025-04-22 08:29:51,486 [MainThread  ] [DEBUG  ] Starting new HTTPS connection (1): emw1.dm-em.informaticacloud.com:443
2025-04-22 08:29:51,911 [MainThread  ] [DEBUG  ] https://emw1.dm-em.informaticacloud.com:443 "POST /saas/public/core/v3/export HTTP/1.1" 200 None
2025-04-22 08:29:51,931 [MainThread  ] [INFO   ] (5.4) >> ic_export_job_id: lHHpw2v77kjinjp1bgrTw5
2025-04-22 08:29:54,932 [MainThread  ] [INFO   ] 
===  6.4 Checking Export Job status ===
2025-04-22 08:29:54,932 [MainThread  ] [DEBUG  ] Starting new HTTPS connection (1): emw1.dm-em.informaticacloud.com:443
2025-04-22 08:29:55,159 [MainThread  ] [DEBUG  ] https://emw1.dm-em.informaticacloud.com:443 "GET /saas/public/core/v3/export/lHHpw2v77kjinjp1bgrTw5 HTTP/1.1" 200 None
2025-04-22 08:29:55,181 [MainThread  ] [INFO   ] (6.4) >> [1] check ic_export_job_status: SUCCESSFUL
2025-04-22 08:29:55,181 [MainThread  ] [INFO   ] 
===  7.4 Load Export Package ===
2025-04-22 08:29:55,183 [MainThread  ] [DEBUG  ] Starting new HTTPS connection (1): emw1.dm-em.informaticacloud.com:443
2025-04-22 08:29:55,437 [MainThread  ] [DEBUG  ] https://emw1.dm-em.informaticacloud.com:443 "GET /saas/public/core/v3/export/lHHpw2v77kjinjp1bgrTw5/package HTTP/1.1" 200 None
2025-04-22 08:29:55,437 [MainThread  ] [INFO   ] [V] Package saved successfully in path 'c:/Users/azhurl01/My_GitHub/demo_informatica_ci_cd/CDI/export_to_import/dev_to_qa/1745303361909712/m_startRUN_insert_new_RUN_ID-1745303361909712.zip'
2025-04-22 08:29:55,437 [MainThread  ] [INFO   ] (7.4) -=[~+~] Package exported successfully [~+~]=-
2025-04-22 08:29:55,437 [MainThread  ] [INFO   ] 
===  8.4 Load Export Package Log ===
2025-04-22 08:29:55,437 [MainThread  ] [DEBUG  ] Starting new HTTPS connection (1): emw1.dm-em.informaticacloud.com:443
2025-04-22 08:29:55,720 [MainThread  ] [DEBUG  ] https://emw1.dm-em.informaticacloud.com:443 "GET /saas/public/core/v3/export/lHHpw2v77kjinjp1bgrTw5/log HTTP/1.1" 200 None
2025-04-22 08:29:55,720 [MainThread  ] [INFO   ] [V] Export Log saved successfully in path 'c:/Users/azhurl01/My_GitHub/demo_informatica_ci_cd/CDI/log/log_export/1745303361909712/ex_m_startRUN_insert_new_RUN_ID-1745303361909712.txt'
2025-04-22 08:29:55,720 [MainThread  ] [INFO   ] (8.4) [+] Export log saved
2025-04-22 08:29:55,720 [MainThread  ] [INFO   ] ==========================================================
2025-04-22 08:29:55,720 [MainThread  ] [INFO   ] 
=== 9. Upload Import Package === 
2025-04-22 08:29:55,720 [MainThread  ] [INFO   ] export_to_import_path: c:/Users/azhurl01/My_GitHub/demo_informatica_ci_cd/CDI/export_to_import/dev_to_qa/1745303361909712/m_startRUN_insert_new_RUN_ID-1745303361909712.zip
2025-04-22 08:29:55,754 [MainThread  ] [DEBUG  ] Starting new HTTPS connection (1): emw1.dm-em.informaticacloud.com:443
2025-04-22 08:29:56,101 [MainThread  ] [DEBUG  ] https://emw1.dm-em.informaticacloud.com:443 "POST /saas/public/core/v3/import/package HTTP/1.1" 200 None
2025-04-22 08:29:56,132 [MainThread  ] [INFO   ] [V] Import package uploaded successfully
2025-04-22 08:29:56,133 [MainThread  ] [INFO   ] (9.4) ic_import_job_id: 2cqLtrubSEQgrfAvwU0lkv
2025-04-22 08:29:56,134 [MainThread  ] [INFO   ] 
=== 10. Create Import Job ===
2025-04-22 08:29:56,136 [MainThread  ] [DEBUG  ] Starting new HTTPS connection (1): emw1.dm-em.informaticacloud.com:443
2025-04-22 08:29:56,469 [MainThread  ] [DEBUG  ] https://emw1.dm-em.informaticacloud.com:443 "POST /saas/public/core/v3/import/2cqLtrubSEQgrfAvwU0lkv HTTP/1.1" 200 None
2025-04-22 08:29:56,485 [MainThread  ] [INFO   ] [V] Import Job created successfully
2025-04-22 08:29:56,495 [MainThread  ] [INFO   ] (10) ic_import_job_status: IN_PROGRESS
2025-04-22 08:29:59,496 [MainThread  ] [INFO   ] 
=== 11.4 Checking Import Job status ===
2025-04-22 08:29:59,496 [MainThread  ] [DEBUG  ] Starting new HTTPS connection (1): emw1.dm-em.informaticacloud.com:443
2025-04-22 08:29:59,733 [MainThread  ] [DEBUG  ] https://emw1.dm-em.informaticacloud.com:443 "GET /saas/public/core/v3/export/lHHpw2v77kjinjp1bgrTw5 HTTP/1.1" 200 None
2025-04-22 08:29:59,750 [MainThread  ] [INFO   ] (11.4) >> [1] check ic_import_job_status: SUCCESSFUL
2025-04-22 08:29:59,750 [MainThread  ] [INFO   ] 
=== 12.4 Load Export Package Log ===
2025-04-22 08:29:59,750 [MainThread  ] [DEBUG  ] Starting new HTTPS connection (1): emw1.dm-em.informaticacloud.com:443
2025-04-22 08:30:00,005 [MainThread  ] [DEBUG  ] https://emw1.dm-em.informaticacloud.com:443 "GET /saas/public/core/v3/import/2cqLtrubSEQgrfAvwU0lkv/log HTTP/1.1" 200 None
2025-04-22 08:30:00,005 [MainThread  ] [INFO   ] [V] Export Log saved successfully in path 'c:/Users/azhurl01/My_GitHub/demo_informatica_ci_cd/CDI/log/log_import/1745303361909712/im_m_startRUN_insert_new_RUN_ID-1745303361909712.txt'
2025-04-22 08:30:00,005 [MainThread  ] [INFO   ] (12.4) [+] Import log saved
2025-04-22 08:30:00,005 [MainThread  ] [INFO   ] 
(5.5) >> ic_object_path: ETL Framework/SNE_Transfer_To_Datamarts_Layer_1/mt_startRUN_custom_scen | ic_object_name: mt_startRUN_custom_scen | ic_object_id: 7ytNIqjKXwyj8bk2hGNzYI
2025-04-22 08:30:00,005 [MainThread  ] [INFO   ] 
(5.5) >> export_job_name: mt_startRUN_custom_scen-1745303361909712
2025-04-22 08:30:00,015 [MainThread  ] [DEBUG  ] Starting new HTTPS connection (1): emw1.dm-em.informaticacloud.com:443
2025-04-22 08:30:00,571 [MainThread  ] [DEBUG  ] https://emw1.dm-em.informaticacloud.com:443 "POST /saas/public/core/v3/export HTTP/1.1" 200 None
2025-04-22 08:30:00,587 [MainThread  ] [INFO   ] (5.5) >> ic_export_job_id: 7HUZ06ORGW2gJGSdVGFV0K
2025-04-22 08:30:03,588 [MainThread  ] [INFO   ] 
===  6.5 Checking Export Job status ===
2025-04-22 08:30:03,588 [MainThread  ] [DEBUG  ] Starting new HTTPS connection (1): emw1.dm-em.informaticacloud.com:443
2025-04-22 08:30:03,815 [MainThread  ] [DEBUG  ] https://emw1.dm-em.informaticacloud.com:443 "GET /saas/public/core/v3/export/7HUZ06ORGW2gJGSdVGFV0K HTTP/1.1" 200 None
2025-04-22 08:30:03,831 [MainThread  ] [INFO   ] (6.5) >> [1] check ic_export_job_status: SUCCESSFUL
2025-04-22 08:30:03,831 [MainThread  ] [INFO   ] 
===  7.5 Load Export Package ===
2025-04-22 08:30:03,834 [MainThread  ] [DEBUG  ] Starting new HTTPS connection (1): emw1.dm-em.informaticacloud.com:443
2025-04-22 08:30:04,045 [MainThread  ] [DEBUG  ] https://emw1.dm-em.informaticacloud.com:443 "GET /saas/public/core/v3/export/7HUZ06ORGW2gJGSdVGFV0K/package HTTP/1.1" 200 None
2025-04-22 08:30:04,060 [MainThread  ] [INFO   ] [V] Package saved successfully in path 'c:/Users/azhurl01/My_GitHub/demo_informatica_ci_cd/CDI/export_to_import/dev_to_qa/1745303361909712/mt_startRUN_custom_scen-1745303361909712.zip'
2025-04-22 08:30:04,060 [MainThread  ] [INFO   ] (7.5) -=[~+~] Package exported successfully [~+~]=-
2025-04-22 08:30:04,060 [MainThread  ] [INFO   ] 
===  8.5 Load Export Package Log ===
2025-04-22 08:30:04,067 [MainThread  ] [DEBUG  ] Starting new HTTPS connection (1): emw1.dm-em.informaticacloud.com:443
2025-04-22 08:30:04,318 [MainThread  ] [DEBUG  ] https://emw1.dm-em.informaticacloud.com:443 "GET /saas/public/core/v3/export/7HUZ06ORGW2gJGSdVGFV0K/log HTTP/1.1" 200 None
2025-04-22 08:30:04,318 [MainThread  ] [INFO   ] [V] Export Log saved successfully in path 'c:/Users/azhurl01/My_GitHub/demo_informatica_ci_cd/CDI/log/log_export/1745303361909712/ex_mt_startRUN_custom_scen-1745303361909712.txt'
2025-04-22 08:30:04,318 [MainThread  ] [INFO   ] (8.5) [+] Export log saved
2025-04-22 08:30:04,333 [MainThread  ] [INFO   ] ==========================================================
2025-04-22 08:30:04,333 [MainThread  ] [INFO   ] 
=== 9. Upload Import Package === 
2025-04-22 08:30:04,334 [MainThread  ] [INFO   ] export_to_import_path: c:/Users/azhurl01/My_GitHub/demo_informatica_ci_cd/CDI/export_to_import/dev_to_qa/1745303361909712/mt_startRUN_custom_scen-1745303361909712.zip
2025-04-22 08:30:04,363 [MainThread  ] [DEBUG  ] Starting new HTTPS connection (1): emw1.dm-em.informaticacloud.com:443
2025-04-22 08:30:04,656 [MainThread  ] [DEBUG  ] https://emw1.dm-em.informaticacloud.com:443 "POST /saas/public/core/v3/import/package HTTP/1.1" 200 None
2025-04-22 08:30:04,679 [MainThread  ] [INFO   ] [V] Import package uploaded successfully
2025-04-22 08:30:04,679 [MainThread  ] [INFO   ] (9.5) ic_import_job_id: aX6vG8zqqC4fou730jvTid
2025-04-22 08:30:04,679 [MainThread  ] [INFO   ] 
=== 10. Create Import Job ===
2025-04-22 08:30:04,679 [MainThread  ] [DEBUG  ] Starting new HTTPS connection (1): emw1.dm-em.informaticacloud.com:443
2025-04-22 08:30:05,170 [MainThread  ] [DEBUG  ] https://emw1.dm-em.informaticacloud.com:443 "POST /saas/public/core/v3/import/aX6vG8zqqC4fou730jvTid HTTP/1.1" 200 None
2025-04-22 08:30:05,186 [MainThread  ] [INFO   ] [V] Import Job created successfully
2025-04-22 08:30:05,186 [MainThread  ] [INFO   ] (10) ic_import_job_status: IN_PROGRESS
2025-04-22 08:30:08,188 [MainThread  ] [INFO   ] 
=== 11.5 Checking Import Job status ===
2025-04-22 08:30:08,190 [MainThread  ] [DEBUG  ] Starting new HTTPS connection (1): emw1.dm-em.informaticacloud.com:443
2025-04-22 08:30:08,400 [MainThread  ] [DEBUG  ] https://emw1.dm-em.informaticacloud.com:443 "GET /saas/public/core/v3/export/7HUZ06ORGW2gJGSdVGFV0K HTTP/1.1" 200 None
2025-04-22 08:30:08,421 [MainThread  ] [INFO   ] (11.5) >> [1] check ic_import_job_status: SUCCESSFUL
2025-04-22 08:30:08,423 [MainThread  ] [INFO   ] 
=== 12.5 Load Export Package Log ===
2025-04-22 08:30:08,424 [MainThread  ] [DEBUG  ] Starting new HTTPS connection (1): emw1.dm-em.informaticacloud.com:443
2025-04-22 08:30:08,698 [MainThread  ] [DEBUG  ] https://emw1.dm-em.informaticacloud.com:443 "GET /saas/public/core/v3/import/aX6vG8zqqC4fou730jvTid/log HTTP/1.1" 200 None
2025-04-22 08:30:08,701 [MainThread  ] [INFO   ] [V] Export Log saved successfully in path 'c:/Users/azhurl01/My_GitHub/demo_informatica_ci_cd/CDI/log/log_import/1745303361909712/im_mt_startRUN_custom_scen-1745303361909712.txt'
2025-04-22 08:30:08,701 [MainThread  ] [INFO   ] (12.5) [+] Import log saved
2025-04-22 08:30:08,701 [MainThread  ] [INFO   ] 
(5.6) >> ic_object_path: ETL Framework/SNE_Transfer_To_Datamarts_Layer_1/tf_Global_LOAD_Datamarts_Layer_1 | ic_object_name: tf_Global_LOAD_Datamarts_Layer_1 | ic_object_id: exEWE5dAvEGiMQGND2DRu3
2025-04-22 08:30:08,701 [MainThread  ] [INFO   ] 
(5.6) >> export_job_name: tf_Global_LOAD_Datamarts_Layer_1-1745303361909712
2025-04-22 08:30:08,704 [MainThread  ] [DEBUG  ] Starting new HTTPS connection (1): emw1.dm-em.informaticacloud.com:443
2025-04-22 08:30:09,288 [MainThread  ] [DEBUG  ] https://emw1.dm-em.informaticacloud.com:443 "POST /saas/public/core/v3/export HTTP/1.1" 200 None
2025-04-22 08:30:09,288 [MainThread  ] [INFO   ] (5.6) >> ic_export_job_id: eoNfOBwvVCNf6j3TyuHGMx
2025-04-22 08:30:12,291 [MainThread  ] [INFO   ] 
===  6.6 Checking Export Job status ===
2025-04-22 08:30:12,292 [MainThread  ] [DEBUG  ] Starting new HTTPS connection (1): emw1.dm-em.informaticacloud.com:443
2025-04-22 08:30:12,507 [MainThread  ] [DEBUG  ] https://emw1.dm-em.informaticacloud.com:443 "GET /saas/public/core/v3/export/eoNfOBwvVCNf6j3TyuHGMx HTTP/1.1" 200 None
2025-04-22 08:30:12,523 [MainThread  ] [INFO   ] (6.6) >> [1] check ic_export_job_status: IN_PROGRESS
2025-04-22 08:30:15,531 [MainThread  ] [DEBUG  ] Starting new HTTPS connection (1): emw1.dm-em.informaticacloud.com:443
2025-04-22 08:30:15,742 [MainThread  ] [DEBUG  ] https://emw1.dm-em.informaticacloud.com:443 "GET /saas/public/core/v3/export/eoNfOBwvVCNf6j3TyuHGMx HTTP/1.1" 200 None
2025-04-22 08:30:15,769 [MainThread  ] [INFO   ] (6.6) >> [2] check ic_export_job_status: IN_PROGRESS
2025-04-22 08:30:18,771 [MainThread  ] [DEBUG  ] Starting new HTTPS connection (1): emw1.dm-em.informaticacloud.com:443
2025-04-22 08:30:18,971 [MainThread  ] [DEBUG  ] https://emw1.dm-em.informaticacloud.com:443 "GET /saas/public/core/v3/export/eoNfOBwvVCNf6j3TyuHGMx HTTP/1.1" 200 None
2025-04-22 08:30:18,987 [MainThread  ] [INFO   ] (6.6) >> [3] check ic_export_job_status: SUCCESSFUL
2025-04-22 08:30:18,987 [MainThread  ] [INFO   ] 
===  7.6 Load Export Package ===
2025-04-22 08:30:19,002 [MainThread  ] [DEBUG  ] Starting new HTTPS connection (1): emw1.dm-em.informaticacloud.com:443
2025-04-22 08:30:19,212 [MainThread  ] [DEBUG  ] https://emw1.dm-em.informaticacloud.com:443 "GET /saas/public/core/v3/export/eoNfOBwvVCNf6j3TyuHGMx/package HTTP/1.1" 200 None
2025-04-22 08:30:19,212 [MainThread  ] [INFO   ] [V] Package saved successfully in path 'c:/Users/azhurl01/My_GitHub/demo_informatica_ci_cd/CDI/export_to_import/dev_to_qa/1745303361909712/tf_Global_LOAD_Datamarts_Layer_1-1745303361909712.zip'
2025-04-22 08:30:19,212 [MainThread  ] [INFO   ] (7.6) -=[~+~] Package exported successfully [~+~]=-
2025-04-22 08:30:19,212 [MainThread  ] [INFO   ] 
===  8.6 Load Export Package Log ===
2025-04-22 08:30:19,218 [MainThread  ] [DEBUG  ] Starting new HTTPS connection (1): emw1.dm-em.informaticacloud.com:443
2025-04-22 08:30:19,461 [MainThread  ] [DEBUG  ] https://emw1.dm-em.informaticacloud.com:443 "GET /saas/public/core/v3/export/eoNfOBwvVCNf6j3TyuHGMx/log HTTP/1.1" 200 None
2025-04-22 08:30:19,492 [MainThread  ] [INFO   ] [V] Export Log saved successfully in path 'c:/Users/azhurl01/My_GitHub/demo_informatica_ci_cd/CDI/log/log_export/1745303361909712/ex_tf_Global_LOAD_Datamarts_Layer_1-1745303361909712.txt'
2025-04-22 08:30:19,495 [MainThread  ] [INFO   ] (8.6) [+] Export log saved
2025-04-22 08:30:19,496 [MainThread  ] [INFO   ] ==========================================================
2025-04-22 08:30:19,496 [MainThread  ] [INFO   ] 
=== 9. Upload Import Package === 
2025-04-22 08:30:19,497 [MainThread  ] [INFO   ] export_to_import_path: c:/Users/azhurl01/My_GitHub/demo_informatica_ci_cd/CDI/export_to_import/dev_to_qa/1745303361909712/tf_Global_LOAD_Datamarts_Layer_1-1745303361909712.zip
2025-04-22 08:30:19,532 [MainThread  ] [DEBUG  ] Starting new HTTPS connection (1): emw1.dm-em.informaticacloud.com:443
2025-04-22 08:30:19,821 [MainThread  ] [DEBUG  ] https://emw1.dm-em.informaticacloud.com:443 "POST /saas/public/core/v3/import/package HTTP/1.1" 200 None
2025-04-22 08:30:19,839 [MainThread  ] [INFO   ] [V] Import package uploaded successfully
2025-04-22 08:30:19,841 [MainThread  ] [INFO   ] (9.6) ic_import_job_id: ltmQNIWaYwscb731GBO9oI
2025-04-22 08:30:19,845 [MainThread  ] [INFO   ] 
=== 10. Create Import Job ===
2025-04-22 08:30:19,849 [MainThread  ] [DEBUG  ] Starting new HTTPS connection (1): emw1.dm-em.informaticacloud.com:443
2025-04-22 08:30:20,177 [MainThread  ] [DEBUG  ] https://emw1.dm-em.informaticacloud.com:443 "POST /saas/public/core/v3/import/ltmQNIWaYwscb731GBO9oI HTTP/1.1" 200 None
2025-04-22 08:30:20,200 [MainThread  ] [INFO   ] [V] Import Job created successfully
2025-04-22 08:30:20,201 [MainThread  ] [INFO   ] (10) ic_import_job_status: IN_PROGRESS
2025-04-22 08:30:23,203 [MainThread  ] [INFO   ] 
=== 11.6 Checking Import Job status ===
2025-04-22 08:30:23,203 [MainThread  ] [DEBUG  ] Starting new HTTPS connection (1): emw1.dm-em.informaticacloud.com:443
2025-04-22 08:30:23,427 [MainThread  ] [DEBUG  ] https://emw1.dm-em.informaticacloud.com:443 "GET /saas/public/core/v3/export/eoNfOBwvVCNf6j3TyuHGMx HTTP/1.1" 200 None
2025-04-22 08:30:23,441 [MainThread  ] [INFO   ] (11.6) >> [1] check ic_import_job_status: SUCCESSFUL
2025-04-22 08:30:23,442 [MainThread  ] [INFO   ] 
=== 12.6 Load Export Package Log ===
2025-04-22 08:30:23,444 [MainThread  ] [DEBUG  ] Starting new HTTPS connection (1): emw1.dm-em.informaticacloud.com:443
2025-04-22 08:30:23,657 [MainThread  ] [DEBUG  ] https://emw1.dm-em.informaticacloud.com:443 "GET /saas/public/core/v3/import/ltmQNIWaYwscb731GBO9oI/log HTTP/1.1" 200 None
2025-04-22 08:30:23,672 [MainThread  ] [INFO   ] [V] Export Log saved successfully in path 'c:/Users/azhurl01/My_GitHub/demo_informatica_ci_cd/CDI/log/log_import/1745303361909712/im_tf_Global_LOAD_Datamarts_Layer_1-1745303361909712.txt'
2025-04-22 08:30:23,672 [MainThread  ] [INFO   ] (12.6) [+] Import log saved
2025-04-22 08:30:23,672 [MainThread  ] [INFO   ] 
(5.7) >> ic_object_path: ETL Framework/SNE_00_GLOBAL_TF_Orchestration/tf_GLOBAL_Load_Datamats_Layers_from_1_to_4 | ic_object_name: tf_GLOBAL_Load_Datamats_Layers_from_1_to_4 | ic_object_id: 0wIuCc3kU2pba68J5W6xcl
2025-04-22 08:30:23,672 [MainThread  ] [INFO   ] 
(5.7) >> export_job_name: tf_GLOBAL_Load_Datamats_Layers_from_1_to_4-1745303361909712
2025-04-22 08:30:23,687 [MainThread  ] [DEBUG  ] Starting new HTTPS connection (1): emw1.dm-em.informaticacloud.com:443
2025-04-22 08:30:24,127 [MainThread  ] [DEBUG  ] https://emw1.dm-em.informaticacloud.com:443 "POST /saas/public/core/v3/export HTTP/1.1" 200 None
2025-04-22 08:30:24,127 [MainThread  ] [INFO   ] (5.7) >> ic_export_job_id: cPIT2mEhf0EcrMhsH7tp6H
2025-04-22 08:30:27,142 [MainThread  ] [INFO   ] 
===  6.7 Checking Export Job status ===
2025-04-22 08:30:27,142 [MainThread  ] [DEBUG  ] Starting new HTTPS connection (1): emw1.dm-em.informaticacloud.com:443
2025-04-22 08:30:27,367 [MainThread  ] [DEBUG  ] https://emw1.dm-em.informaticacloud.com:443 "GET /saas/public/core/v3/export/cPIT2mEhf0EcrMhsH7tp6H HTTP/1.1" 200 None
2025-04-22 08:30:27,381 [MainThread  ] [INFO   ] (6.7) >> [1] check ic_export_job_status: IN_PROGRESS
2025-04-22 08:30:30,394 [MainThread  ] [DEBUG  ] Starting new HTTPS connection (1): emw1.dm-em.informaticacloud.com:443
2025-04-22 08:30:30,607 [MainThread  ] [DEBUG  ] https://emw1.dm-em.informaticacloud.com:443 "GET /saas/public/core/v3/export/cPIT2mEhf0EcrMhsH7tp6H HTTP/1.1" 200 None
2025-04-22 08:30:30,630 [MainThread  ] [INFO   ] (6.7) >> [2] check ic_export_job_status: IN_PROGRESS
2025-04-22 08:30:33,632 [MainThread  ] [DEBUG  ] Starting new HTTPS connection (1): emw1.dm-em.informaticacloud.com:443
2025-04-22 08:30:33,853 [MainThread  ] [DEBUG  ] https://emw1.dm-em.informaticacloud.com:443 "GET /saas/public/core/v3/export/cPIT2mEhf0EcrMhsH7tp6H HTTP/1.1" 200 None
2025-04-22 08:30:33,868 [MainThread  ] [INFO   ] (6.7) >> [3] check ic_export_job_status: IN_PROGRESS
2025-04-22 08:30:36,883 [MainThread  ] [DEBUG  ] Starting new HTTPS connection (1): emw1.dm-em.informaticacloud.com:443
2025-04-22 08:30:37,096 [MainThread  ] [DEBUG  ] https://emw1.dm-em.informaticacloud.com:443 "GET /saas/public/core/v3/export/cPIT2mEhf0EcrMhsH7tp6H HTTP/1.1" 200 None
2025-04-22 08:30:37,118 [MainThread  ] [INFO   ] (6.7) >> [4] check ic_export_job_status: IN_PROGRESS
2025-04-22 08:30:40,122 [MainThread  ] [DEBUG  ] Starting new HTTPS connection (1): emw1.dm-em.informaticacloud.com:443
2025-04-22 08:30:40,329 [MainThread  ] [DEBUG  ] https://emw1.dm-em.informaticacloud.com:443 "GET /saas/public/core/v3/export/cPIT2mEhf0EcrMhsH7tp6H HTTP/1.1" 200 None
2025-04-22 08:30:40,349 [MainThread  ] [INFO   ] (6.7) >> [5] check ic_export_job_status: IN_PROGRESS
2025-04-22 08:30:43,350 [MainThread  ] [DEBUG  ] Starting new HTTPS connection (1): emw1.dm-em.informaticacloud.com:443
2025-04-22 08:30:43,581 [MainThread  ] [DEBUG  ] https://emw1.dm-em.informaticacloud.com:443 "GET /saas/public/core/v3/export/cPIT2mEhf0EcrMhsH7tp6H HTTP/1.1" 200 None
2025-04-22 08:30:43,597 [MainThread  ] [INFO   ] (6.7) >> [6] check ic_export_job_status: IN_PROGRESS
2025-04-22 08:30:46,599 [MainThread  ] [DEBUG  ] Starting new HTTPS connection (1): emw1.dm-em.informaticacloud.com:443
2025-04-22 08:30:46,815 [MainThread  ] [DEBUG  ] https://emw1.dm-em.informaticacloud.com:443 "GET /saas/public/core/v3/export/cPIT2mEhf0EcrMhsH7tp6H HTTP/1.1" 200 None
2025-04-22 08:30:46,837 [MainThread  ] [INFO   ] (6.7) >> [7] check ic_export_job_status: IN_PROGRESS
2025-04-22 08:30:49,838 [MainThread  ] [DEBUG  ] Starting new HTTPS connection (1): emw1.dm-em.informaticacloud.com:443
2025-04-22 08:30:50,045 [MainThread  ] [DEBUG  ] https://emw1.dm-em.informaticacloud.com:443 "GET /saas/public/core/v3/export/cPIT2mEhf0EcrMhsH7tp6H HTTP/1.1" 200 None
2025-04-22 08:30:50,061 [MainThread  ] [INFO   ] (6.7) >> [8] check ic_export_job_status: IN_PROGRESS
2025-04-22 08:30:53,073 [MainThread  ] [DEBUG  ] Starting new HTTPS connection (1): emw1.dm-em.informaticacloud.com:443
2025-04-22 08:30:53,286 [MainThread  ] [DEBUG  ] https://emw1.dm-em.informaticacloud.com:443 "GET /saas/public/core/v3/export/cPIT2mEhf0EcrMhsH7tp6H HTTP/1.1" 200 None
2025-04-22 08:30:53,312 [MainThread  ] [INFO   ] (6.7) >> [9] check ic_export_job_status: IN_PROGRESS
2025-04-22 08:30:56,314 [MainThread  ] [DEBUG  ] Starting new HTTPS connection (1): emw1.dm-em.informaticacloud.com:443
2025-04-22 08:30:56,521 [MainThread  ] [DEBUG  ] https://emw1.dm-em.informaticacloud.com:443 "GET /saas/public/core/v3/export/cPIT2mEhf0EcrMhsH7tp6H HTTP/1.1" 200 None
2025-04-22 08:30:56,536 [MainThread  ] [INFO   ] (6.7) >> [10] check ic_export_job_status: IN_PROGRESS
2025-04-22 08:30:59,538 [MainThread  ] [WARNI  ]  (7.{k}) >> Please check Export Job status later or repeat it...
2025-04-22 08:30:59,538 [MainThread  ] [INFO   ] 
===  8.7 Load Export Package Log ===
2025-04-22 08:30:59,538 [MainThread  ] [DEBUG  ] Starting new HTTPS connection (1): emw1.dm-em.informaticacloud.com:443
2025-04-22 08:30:59,786 [MainThread  ] [DEBUG  ] https://emw1.dm-em.informaticacloud.com:443 "GET /saas/public/core/v3/export/cPIT2mEhf0EcrMhsH7tp6H/log HTTP/1.1" 404 290
2025-04-22 08:30:59,786 [MainThread  ] [INFO   ] [X] Error: status 404
2025-04-22 08:30:59,786 [MainThread  ] [INFO   ] {"error":{"code":"MigrationSvc_097","message":"Export log not found. The export log will be available when the export job completes.","debugMessage":"Export log not found. The export log will be available when the export job completes.","requestId":"3rPkrSWsdmekJfq0sdAe0q","details":null}}
2025-04-22 08:30:59,786 [MainThread  ] [ERROR  ] (8.7) >> Some error occurred during log saving ... 
2025-04-22 08:30:59,786 [MainThread  ] [INFO   ] ==========================================================
2025-04-22 08:30:59,786 [MainThread  ] [INFO   ] 
=== 9. Upload Import Package === 
2025-04-22 08:30:59,786 [MainThread  ] [INFO   ] export_to_import_path: 
