2025-04-22 07:55:52,494 [MainThread  ] [INFO   ] >> CI_CD_SESSION_ID: 1745301352494280
2025-04-22 07:55:52,494 [MainThread  ] [INFO   ] 
=== 1. Authorization ===
2025-04-22 07:55:52,510 [MainThread  ] [DEBUG  ] Starting new HTTPS connection (1): dm-em.informaticacloud.com:443
2025-04-22 07:55:52,943 [MainThread  ] [DEBUG  ] https://dm-em.informaticacloud.com:443 "POST /ma/api/v2/user/login HTTP/1.1" 200 None
2025-04-22 07:55:52,943 [MainThread  ] [INFO   ] Authentication successful
2025-04-22 07:55:52,943 [MainThread  ] [INFO   ] ic_server_url: https://emw1.dm-em.informaticacloud.com/saas
2025-04-22 07:55:52,943 [MainThread  ] [INFO   ] ic_session_id: 0a1kDFP2yNvlHu14IM6pue
2025-04-22 07:55:52,958 [MainThread  ] [INFO   ] 
=== 2. Get list of objects to export ===
2025-04-22 07:55:52,960 [MainThread  ] [INFO   ] 
=== 3. Create cdi_objects collection ===
2025-04-22 07:55:52,960 [MainThread  ] [INFO   ] (3) add Mappings
2025-04-22 07:55:52,962 [MainThread  ] [DEBUG  ] Starting new HTTPS connection (1): emw1.dm-em.informaticacloud.com:443
2025-04-22 07:55:54,327 [MainThread  ] [DEBUG  ] https://emw1.dm-em.informaticacloud.com:443 "GET /saas/public/core/v3/objects?q=type=='Mapping' HTTP/1.1" 200 None
2025-04-22 07:55:54,380 [MainThread  ] [INFO   ] (3) add Mapping Tasks
2025-04-22 07:55:54,380 [MainThread  ] [DEBUG  ] Starting new HTTPS connection (1): emw1.dm-em.informaticacloud.com:443
2025-04-22 07:55:55,557 [MainThread  ] [DEBUG  ] https://emw1.dm-em.informaticacloud.com:443 "GET /saas/public/core/v3/objects?q=type=='MTT' HTTP/1.1" 200 None
2025-04-22 07:55:55,617 [MainThread  ] [INFO   ] (3) add TaskFlows
2025-04-22 07:55:55,617 [MainThread  ] [DEBUG  ] Starting new HTTPS connection (1): emw1.dm-em.informaticacloud.com:443
2025-04-22 07:55:56,467 [MainThread  ] [DEBUG  ] https://emw1.dm-em.informaticacloud.com:443 "GET /saas/public/core/v3/objects?q=type=='TASKFLOW' HTTP/1.1" 200 None
2025-04-22 07:55:56,467 [MainThread  ] [INFO   ] 
=== 4. Search id for objects ====
2025-04-22 07:55:56,467 [MainThread  ] [INFO   ] (4) map_object_to_export: 
{'IDMC_demo/ETL_Pipelines_idmc/m_calc_budget_usage_datamart': ('m_calc_budget_usage_datamart', '8PQLN3bB82EfLMhnVaAoil')}
2025-04-22 07:55:56,467 [MainThread  ] [INFO   ] 
=== 5. Run Export Job for each object ===
2025-04-22 07:55:56,467 [MainThread  ] [INFO   ] 
(5.1) >> ic_object_path: IDMC_demo/ETL_Pipelines_idmc/m_calc_budget_usage_datamart | ic_object_name: m_calc_budget_usage_datamart | ic_object_id: 8PQLN3bB82EfLMhnVaAoil
2025-04-22 07:55:56,467 [MainThread  ] [INFO   ] 
(5.1) >> export_job_name: m_calc_budget_usage_datamart-1745301352494280
2025-04-22 07:55:56,480 [MainThread  ] [DEBUG  ] Starting new HTTPS connection (1): emw1.dm-em.informaticacloud.com:443
2025-04-22 07:55:56,887 [MainThread  ] [DEBUG  ] https://emw1.dm-em.informaticacloud.com:443 "POST /saas/public/core/v3/export HTTP/1.1" 200 None
2025-04-22 07:55:56,912 [MainThread  ] [INFO   ] (5.1) >> ic_export_job_id: hHBHTR2fHM7hSYB2M6DhKT
2025-04-22 07:55:59,914 [MainThread  ] [INFO   ] 
===  6.1 Checking Export Job status ===
2025-04-22 07:55:59,916 [MainThread  ] [DEBUG  ] Starting new HTTPS connection (1): emw1.dm-em.informaticacloud.com:443
2025-04-22 07:56:00,128 [MainThread  ] [DEBUG  ] https://emw1.dm-em.informaticacloud.com:443 "GET /saas/public/core/v3/export/hHBHTR2fHM7hSYB2M6DhKT HTTP/1.1" 200 None
2025-04-22 07:56:00,148 [MainThread  ] [INFO   ] (6.1) >> [1] check_export_job_status: SUCCESSFUL
2025-04-22 07:56:00,148 [MainThread  ] [INFO   ] 
===  7.1 Load Export Package ===
2025-04-22 07:56:00,148 [MainThread  ] [INFO   ] >> Export directory created: c:/Users/azhurl01/My_GitHub/demo_informatica_ci_cd/CDI/export_to_import/dev_to_qa/1745301352494280/
2025-04-22 07:56:00,152 [MainThread  ] [DEBUG  ] Starting new HTTPS connection (1): emw1.dm-em.informaticacloud.com:443
2025-04-22 07:56:00,417 [MainThread  ] [DEBUG  ] https://emw1.dm-em.informaticacloud.com:443 "GET /saas/public/core/v3/export/hHBHTR2fHM7hSYB2M6DhKT/package HTTP/1.1" 200 None
2025-04-22 07:56:00,425 [MainThread  ] [INFO   ] [V] Package saved successfully in path 'c:/Users/azhurl01/My_GitHub/demo_informatica_ci_cd/CDI/export_to_import/dev_to_qa/1745301352494280/m_calc_budget_usage_datamart-1745301352494280.zip'
2025-04-22 07:56:00,428 [MainThread  ] [INFO   ] (7.1) -=[~+~] Package exported successfully [~+~]=-
2025-04-22 07:56:00,428 [MainThread  ] [INFO   ] 
===  8.1 Load Export Package Log ===
2025-04-22 07:56:00,430 [MainThread  ] [INFO   ] >> Export Log directory created: c:/Users/azhurl01/My_GitHub/demo_informatica_ci_cd/CDI/log/log_export/1745301352494280/
2025-04-22 07:56:00,432 [MainThread  ] [DEBUG  ] Starting new HTTPS connection (1): emw1.dm-em.informaticacloud.com:443
2025-04-22 07:56:00,712 [MainThread  ] [DEBUG  ] https://emw1.dm-em.informaticacloud.com:443 "GET /saas/public/core/v3/export/hHBHTR2fHM7hSYB2M6DhKT/log HTTP/1.1" 200 None
2025-04-22 07:56:00,736 [MainThread  ] [INFO   ] [V] Export Log saved successfully in path 'c:/Users/azhurl01/My_GitHub/demo_informatica_ci_cd/CDI/log/log_export/1745301352494280/ex_m_calc_budget_usage_datamart-1745301352494280.txt'
2025-04-22 07:56:00,739 [MainThread  ] [INFO   ] (8.1) [+] Export log saved
2025-04-22 07:56:00,739 [MainThread  ] [INFO   ] ==========================================================
2025-04-22 07:56:00,739 [MainThread  ] [INFO   ] 
=== 9. Upload Import Package === 
2025-04-22 07:56:00,739 [MainThread  ] [INFO   ] export_to_import_path: 
