2025-04-22 07:57:14,074 [MainThread  ] [INFO   ] >> CI_CD_SESSION_ID: 1745301434074139
2025-04-22 07:57:14,074 [MainThread  ] [INFO   ] 
=== 1. Authorization ===
2025-04-22 07:57:14,091 [MainThread  ] [DEBUG  ] Starting new HTTPS connection (1): dm-em.informaticacloud.com:443
2025-04-22 07:57:14,522 [MainThread  ] [DEBUG  ] https://dm-em.informaticacloud.com:443 "POST /ma/api/v2/user/login HTTP/1.1" 200 None
2025-04-22 07:57:14,522 [MainThread  ] [INFO   ] Authentication successful
2025-04-22 07:57:14,522 [MainThread  ] [INFO   ] ic_server_url: https://emw1.dm-em.informaticacloud.com/saas
2025-04-22 07:57:14,537 [MainThread  ] [INFO   ] ic_session_id: 87a3NeH3i6jfLBkLqcixip
2025-04-22 07:57:14,537 [MainThread  ] [INFO   ] 
=== 2. Get list of objects to export ===
2025-04-22 07:57:14,540 [MainThread  ] [INFO   ] 
=== 3. Create cdi_objects collection ===
2025-04-22 07:57:14,541 [MainThread  ] [INFO   ] (3) add Mappings
2025-04-22 07:57:14,543 [MainThread  ] [DEBUG  ] Starting new HTTPS connection (1): emw1.dm-em.informaticacloud.com:443
2025-04-22 07:57:15,726 [MainThread  ] [DEBUG  ] https://emw1.dm-em.informaticacloud.com:443 "GET /saas/public/core/v3/objects?q=type=='Mapping' HTTP/1.1" 200 None
2025-04-22 07:57:15,780 [MainThread  ] [INFO   ] (3) add Mapping Tasks
2025-04-22 07:57:15,780 [MainThread  ] [DEBUG  ] Starting new HTTPS connection (1): emw1.dm-em.informaticacloud.com:443
2025-04-22 07:57:16,961 [MainThread  ] [DEBUG  ] https://emw1.dm-em.informaticacloud.com:443 "GET /saas/public/core/v3/objects?q=type=='MTT' HTTP/1.1" 200 None
2025-04-22 07:57:17,013 [MainThread  ] [INFO   ] (3) add TaskFlows
2025-04-22 07:57:17,013 [MainThread  ] [DEBUG  ] Starting new HTTPS connection (1): emw1.dm-em.informaticacloud.com:443
2025-04-22 07:57:17,675 [MainThread  ] [DEBUG  ] https://emw1.dm-em.informaticacloud.com:443 "GET /saas/public/core/v3/objects?q=type=='TASKFLOW' HTTP/1.1" 200 None
2025-04-22 07:57:17,675 [MainThread  ] [INFO   ] 
=== 4. Search id for objects ====
2025-04-22 07:57:17,675 [MainThread  ] [INFO   ] (4) map_object_to_export: 
{'IDMC_demo/ETL_Pipelines_idmc/m_calc_budget_usage_datamart': ('m_calc_budget_usage_datamart', '8PQLN3bB82EfLMhnVaAoil')}
2025-04-22 07:57:17,675 [MainThread  ] [INFO   ] 
=== 5. Run Export Job for each object ===
2025-04-22 07:57:17,675 [MainThread  ] [INFO   ] 
(5.1) >> ic_object_path: IDMC_demo/ETL_Pipelines_idmc/m_calc_budget_usage_datamart | ic_object_name: m_calc_budget_usage_datamart | ic_object_id: 8PQLN3bB82EfLMhnVaAoil
2025-04-22 07:57:17,675 [MainThread  ] [INFO   ] 
(5.1) >> export_job_name: m_calc_budget_usage_datamart-1745301434074139
2025-04-22 07:57:17,675 [MainThread  ] [DEBUG  ] Starting new HTTPS connection (1): emw1.dm-em.informaticacloud.com:443
2025-04-22 07:57:18,208 [MainThread  ] [DEBUG  ] https://emw1.dm-em.informaticacloud.com:443 "POST /saas/public/core/v3/export HTTP/1.1" 200 None
2025-04-22 07:57:18,208 [MainThread  ] [INFO   ] (5.1) >> ic_export_job_id: hNEccpAbVkqeuYi3MKQRWK
2025-04-22 07:57:21,216 [MainThread  ] [INFO   ] 
===  6.1 Checking Export Job status ===
2025-04-22 07:57:21,219 [MainThread  ] [DEBUG  ] Starting new HTTPS connection (1): emw1.dm-em.informaticacloud.com:443
2025-04-22 07:57:21,442 [MainThread  ] [DEBUG  ] https://emw1.dm-em.informaticacloud.com:443 "GET /saas/public/core/v3/export/hNEccpAbVkqeuYi3MKQRWK HTTP/1.1" 200 None
2025-04-22 07:57:21,463 [MainThread  ] [INFO   ] (6.1) >> [1] check_export_job_status: SUCCESSFUL
2025-04-22 07:57:21,464 [MainThread  ] [INFO   ] 
===  7.1 Load Export Package ===
2025-04-22 07:57:21,464 [MainThread  ] [INFO   ] >> Export directory created: c:/Users/azhurl01/My_GitHub/demo_informatica_ci_cd/CDI/export_to_import/dev_to_qa/1745301434074139/
2025-04-22 07:57:21,468 [MainThread  ] [DEBUG  ] Starting new HTTPS connection (1): emw1.dm-em.informaticacloud.com:443
2025-04-22 07:57:21,731 [MainThread  ] [DEBUG  ] https://emw1.dm-em.informaticacloud.com:443 "GET /saas/public/core/v3/export/hNEccpAbVkqeuYi3MKQRWK/package HTTP/1.1" 200 None
2025-04-22 07:57:21,742 [MainThread  ] [INFO   ] [V] Package saved successfully in path 'c:/Users/azhurl01/My_GitHub/demo_informatica_ci_cd/CDI/export_to_import/dev_to_qa/1745301434074139/m_calc_budget_usage_datamart-1745301434074139.zip'
2025-04-22 07:57:21,742 [MainThread  ] [INFO   ] (7.1) -=[~+~] Package exported successfully [~+~]=-
2025-04-22 07:57:21,742 [MainThread  ] [INFO   ] 
===  8.1 Load Export Package Log ===
2025-04-22 07:57:21,747 [MainThread  ] [INFO   ] >> Export Log directory created: c:/Users/azhurl01/My_GitHub/demo_informatica_ci_cd/CDI/log/log_export/1745301434074139/
2025-04-22 07:57:21,748 [MainThread  ] [DEBUG  ] Starting new HTTPS connection (1): emw1.dm-em.informaticacloud.com:443
2025-04-22 07:57:21,997 [MainThread  ] [DEBUG  ] https://emw1.dm-em.informaticacloud.com:443 "GET /saas/public/core/v3/export/hNEccpAbVkqeuYi3MKQRWK/log HTTP/1.1" 200 None
2025-04-22 07:57:22,013 [MainThread  ] [INFO   ] [V] Export Log saved successfully in path 'c:/Users/azhurl01/My_GitHub/demo_informatica_ci_cd/CDI/log/log_export/1745301434074139/ex_m_calc_budget_usage_datamart-1745301434074139.txt'
2025-04-22 07:57:22,013 [MainThread  ] [INFO   ] (8.1) [+] Export log saved
2025-04-22 07:57:22,013 [MainThread  ] [INFO   ] ==========================================================
2025-04-22 07:57:22,013 [MainThread  ] [INFO   ] 
=== 9. Upload Import Package === 
2025-04-22 07:57:22,013 [MainThread  ] [INFO   ] export_to_import_path: c:/Users/azhurl01/My_GitHub/demo_informatica_ci_cd/CDI/export_to_import/dev_to_qa/1745301434074139/m_calc_budget_usage_datamart-1745301434074139.zip
2025-04-22 07:57:22,044 [MainThread  ] [DEBUG  ] Starting new HTTPS connection (1): emw1.dm-em.informaticacloud.com:443
2025-04-22 07:57:22,382 [MainThread  ] [DEBUG  ] https://emw1.dm-em.informaticacloud.com:443 "POST /saas/public/core/v3/import/package HTTP/1.1" 200 None
2025-04-22 07:57:22,404 [MainThread  ] [INFO   ] [V] Import package uploaded successfully
2025-04-22 07:57:22,404 [MainThread  ] [INFO   ] (9.1) ic_import_job_id: 8BC4dyGbreukmnarLXmic0
2025-04-22 07:57:22,405 [MainThread  ] [INFO   ] 
=== 10. Create Import Job ===
2025-04-22 07:57:22,407 [MainThread  ] [DEBUG  ] Starting new HTTPS connection (1): emw1.dm-em.informaticacloud.com:443
2025-04-22 07:57:22,764 [MainThread  ] [DEBUG  ] https://emw1.dm-em.informaticacloud.com:443 "POST /saas/public/core/v3/import/8BC4dyGbreukmnarLXmic0 HTTP/1.1" 200 None
2025-04-22 07:57:22,778 [MainThread  ] [INFO   ] [V] Import Job created successfully
2025-04-22 07:57:22,778 [MainThread  ] [INFO   ] (10) ic_import_job_status: IN_PROGRESS
2025-04-22 07:57:25,786 [MainThread  ] [INFO   ] 
=== Export and Import is finished | CI_CD_SESSION_ID: 1745301434074139 ===
