2025-04-21 19:09:29,340 [MainThread  ] [INFO ] >> CI_CD_SESSION_ID: 1745255369340426
2025-04-21 19:09:29,340 [MainThread  ] [INFO ] 
=== 1. Authorization ===
2025-04-21 19:09:29,340 [MainThread  ] [DEBUG] Starting new HTTPS connection (1): dm-em.informaticacloud.com:443
2025-04-21 19:09:29,727 [MainThread  ] [DEBUG] https://dm-em.informaticacloud.com:443 "POST /ma/api/v2/user/login HTTP/1.1" 200 None
2025-04-21 19:09:29,727 [MainThread  ] [INFO ] Authentication successful
2025-04-21 19:09:29,727 [MainThread  ] [INFO ] ic_server_url: https://emw1.dm-em.informaticacloud.com/saas
2025-04-21 19:09:29,727 [MainThread  ] [INFO ] ic_session_id: 26wPdBLpyNxkTPxG88nWak
2025-04-21 19:09:29,727 [MainThread  ] [INFO ] 
=== 2. Get list of objects to export ===
2025-04-21 19:09:29,742 [MainThread  ] [INFO ] 
=== 3. Create cdi_objects collection ===
2025-04-21 19:09:29,742 [MainThread  ] [INFO ] add Mappings
2025-04-21 19:09:29,744 [MainThread  ] [DEBUG] Starting new HTTPS connection (1): emw1.dm-em.informaticacloud.com:443
2025-04-21 19:09:31,482 [MainThread  ] [DEBUG] https://emw1.dm-em.informaticacloud.com:443 "GET /saas/public/core/v3/objects?q=type=='Mapping' HTTP/1.1" 200 None
2025-04-21 19:09:31,532 [MainThread  ] [INFO ] add Mapping Tasks
2025-04-21 19:09:31,532 [MainThread  ] [DEBUG] Starting new HTTPS connection (1): emw1.dm-em.informaticacloud.com:443
2025-04-21 19:09:32,416 [MainThread  ] [DEBUG] https://emw1.dm-em.informaticacloud.com:443 "GET /saas/public/core/v3/objects?q=type=='MTT' HTTP/1.1" 200 None
2025-04-21 19:09:32,502 [MainThread  ] [INFO ] add TaskFlows
2025-04-21 19:09:32,502 [MainThread  ] [DEBUG] Starting new HTTPS connection (1): emw1.dm-em.informaticacloud.com:443
2025-04-21 19:09:33,290 [MainThread  ] [DEBUG] https://emw1.dm-em.informaticacloud.com:443 "GET /saas/public/core/v3/objects?q=type=='TASKFLOW' HTTP/1.1" 200 None
2025-04-21 19:09:33,290 [MainThread  ] [INFO ] 
=== 4. Search id for objects ====
2025-04-21 19:09:33,290 [MainThread  ] [INFO ] map_object_to_export: 
{'IDMC_demo/ETL_Pipelines_idmc/m_calc_budget_usage_datamart': ('m_calc_budget_usage_datamart', '8PQLN3bB82EfLMhnVaAoil'), 'IDMC_demo/ETL_Pipelines_idmc/mt_calc_datamart_Budget_usage': ('mt_calc_datamart_Budget_usage', '6tbjQouMPZ9bSMguFJBwky'), 'IDMC_demo/ETL_Pipelines_idmc/tf_run_data_load_to_DWH': ('tf_run_data_load_to_DWH', 'dpF0myoYhsbhdXbeXp004S'), 'ETL Framework/SNE_Transfer_To_Datamarts_Layer_1/m_startRUN_insert_new_RUN_ID': ('m_startRUN_insert_new_RUN_ID', '6PVdmuxEuSSfi0FCb1CsS1'), 'ETL Framework/SNE_Transfer_To_Datamarts_Layer_1/mt_startRUN_custom_scen': ('mt_startRUN_custom_scen', '7ytNIqjKXwyj8bk2hGNzYI'), 'ETL Framework/SNE_Transfer_To_Datamarts_Layer_1/tf_Global_LOAD_Datamarts_Layer_1': ('tf_Global_LOAD_Datamarts_Layer_1', 'exEWE5dAvEGiMQGND2DRu3'), 'ETL Framework/SNE_00_GLOBAL_TF_Orchestration/tf_GLOBAL_Load_Datamats_Layers_from_1_to_4': ('tf_GLOBAL_Load_Datamats_Layers_from_1_to_4', '0wIuCc3kU2pba68J5W6xcl')}
2025-04-21 19:09:33,290 [MainThread  ] [INFO ] 
=== 3. Run Export Job for each object ===
