2025-04-22 07:53:45,842 [MainThread  ] [INFO   ] >> CI_CD_SESSION_ID: 1745301225840115
2025-04-22 07:53:45,842 [MainThread  ] [INFO   ] 
=== 1. Authorization ===
2025-04-22 07:53:45,847 [MainThread  ] [DEBUG  ] Starting new HTTPS connection (1): dm-em.informaticacloud.com:443
2025-04-22 07:53:46,277 [MainThread  ] [DEBUG  ] https://dm-em.informaticacloud.com:443 "POST /ma/api/v2/user/login HTTP/1.1" 200 None
2025-04-22 07:53:46,277 [MainThread  ] [INFO   ] Authentication successful
2025-04-22 07:53:46,277 [MainThread  ] [INFO   ] ic_server_url: https://emw1.dm-em.informaticacloud.com/saas
2025-04-22 07:53:46,277 [MainThread  ] [INFO   ] ic_session_id: 2YuFZiGCM2Pb67AZbFnxcC
2025-04-22 07:53:46,277 [MainThread  ] [INFO   ] 
=== 2. Get list of objects to export ===
2025-04-22 07:53:46,305 [MainThread  ] [INFO   ] 
=== 3. Create cdi_objects collection ===
2025-04-22 07:53:46,305 [MainThread  ] [INFO   ] (3) add Mappings
2025-04-22 07:53:46,314 [MainThread  ] [DEBUG  ] Starting new HTTPS connection (1): emw1.dm-em.informaticacloud.com:443
2025-04-22 07:53:47,764 [MainThread  ] [DEBUG  ] https://emw1.dm-em.informaticacloud.com:443 "GET /saas/public/core/v3/objects?q=type=='Mapping' HTTP/1.1" 200 None
2025-04-22 07:53:47,818 [MainThread  ] [INFO   ] (3) add Mapping Tasks
2025-04-22 07:53:47,818 [MainThread  ] [DEBUG  ] Starting new HTTPS connection (1): emw1.dm-em.informaticacloud.com:443
2025-04-22 07:53:49,198 [MainThread  ] [DEBUG  ] https://emw1.dm-em.informaticacloud.com:443 "GET /saas/public/core/v3/objects?q=type=='MTT' HTTP/1.1" 200 None
2025-04-22 07:53:49,259 [MainThread  ] [INFO   ] (3) add TaskFlows
2025-04-22 07:53:49,259 [MainThread  ] [DEBUG  ] Starting new HTTPS connection (1): emw1.dm-em.informaticacloud.com:443
2025-04-22 07:53:50,114 [MainThread  ] [DEBUG  ] https://emw1.dm-em.informaticacloud.com:443 "GET /saas/public/core/v3/objects?q=type=='TASKFLOW' HTTP/1.1" 200 None
2025-04-22 07:53:50,114 [MainThread  ] [INFO   ] 
=== 4. Search id for objects ====
2025-04-22 07:53:50,114 [MainThread  ] [INFO   ] (4) map_object_to_export: 
{'IDMC_demo/ETL_Pipelines_idmc/m_calc_budget_usage_datamart': ('m_calc_budget_usage_datamart', '8PQLN3bB82EfLMhnVaAoil')}
2025-04-22 07:53:50,121 [MainThread  ] [INFO   ] 
=== 5. Run Export Job for each object ===
2025-04-22 07:53:50,121 [MainThread  ] [INFO   ] 
(5.1) >> ic_object_path: IDMC_demo/ETL_Pipelines_idmc/m_calc_budget_usage_datamart | ic_object_name: m_calc_budget_usage_datamart | ic_object_id: 8PQLN3bB82EfLMhnVaAoil
2025-04-22 07:53:50,121 [MainThread  ] [INFO   ] 
(5.1) >> export_job_name: m_calc_budget_usage_datamart-1745301225840115
2025-04-22 07:53:50,122 [MainThread  ] [DEBUG  ] Starting new HTTPS connection (1): emw1.dm-em.informaticacloud.com:443
2025-04-22 07:53:50,635 [MainThread  ] [DEBUG  ] https://emw1.dm-em.informaticacloud.com:443 "POST /saas/public/core/v3/export HTTP/1.1" 200 None
2025-04-22 07:53:50,635 [MainThread  ] [INFO   ] (5.1) >> ic_export_job_id: 5MX1SANPcpZis0oe6gwBAQ
2025-04-22 07:53:53,646 [MainThread  ] [INFO   ] 
===  6.1 Checking Export Job status ===
2025-04-22 07:53:53,646 [MainThread  ] [DEBUG  ] Starting new HTTPS connection (1): emw1.dm-em.informaticacloud.com:443
2025-04-22 07:53:53,867 [MainThread  ] [DEBUG  ] https://emw1.dm-em.informaticacloud.com:443 "GET /saas/public/core/v3/export/5MX1SANPcpZis0oe6gwBAQ HTTP/1.1" 200 None
2025-04-22 07:53:53,884 [MainThread  ] [INFO   ] (6.1) >> [1] check_export_job_status: SUCCESSFUL
2025-04-22 07:53:53,886 [MainThread  ] [INFO   ] 
===  7.1 Load Export Package ===
2025-04-22 07:53:53,887 [MainThread  ] [INFO   ] >> Export directory created: c:/Users/azhurl01/My_GitHub/demo_informatica_ci_cd/CDI/export_to_import/dev_to_qa/1745301225840115/
2025-04-22 07:53:53,890 [MainThread  ] [DEBUG  ] Starting new HTTPS connection (1): emw1.dm-em.informaticacloud.com:443
2025-04-22 07:53:54,150 [MainThread  ] [DEBUG  ] https://emw1.dm-em.informaticacloud.com:443 "GET /saas/public/core/v3/export/5MX1SANPcpZis0oe6gwBAQ/package HTTP/1.1" 200 None
2025-04-22 07:53:54,152 [MainThread  ] [INFO   ] [V] Package saved successfully in path 'c:/Users/azhurl01/My_GitHub/demo_informatica_ci_cd/CDI/export_to_import/dev_to_qa/1745301225840115/m_calc_budget_usage_datamart-1745301225840115.zip'
2025-04-22 07:53:54,152 [MainThread  ] [INFO   ] (7.1) -=[~+~] Package exported successfully [~+~]=-
2025-04-22 07:53:54,154 [MainThread  ] [INFO   ] 
===  8.1 Load Export Package Log ===
2025-04-22 07:53:54,154 [MainThread  ] [INFO   ] >> Export Log directory created: c:/Users/azhurl01/My_GitHub/demo_informatica_ci_cd/CDI/log/log_export/1745301225840115/
2025-04-22 07:53:54,158 [MainThread  ] [DEBUG  ] Starting new HTTPS connection (1): emw1.dm-em.informaticacloud.com:443
2025-04-22 07:53:54,391 [MainThread  ] [DEBUG  ] https://emw1.dm-em.informaticacloud.com:443 "GET /saas/public/core/v3/export/5MX1SANPcpZis0oe6gwBAQ/log HTTP/1.1" 200 None
2025-04-22 07:53:54,415 [MainThread  ] [INFO   ] [V] Export Log saved successfully in path 'c:/Users/azhurl01/My_GitHub/demo_informatica_ci_cd/CDI/log/log_export/1745301225840115/ex_m_calc_budget_usage_datamart-1745301225840115.txt'
2025-04-22 07:53:54,415 [MainThread  ] [INFO   ] (8.1) [+] Export log saved
2025-04-22 07:53:54,415 [MainThread  ] [INFO   ] ==========================================================
2025-04-22 07:53:54,415 [MainThread  ] [INFO   ] 
=== 9. Upload Import Package === 
