2025-04-21 19:16:22,584 [MainThread  ] [INFO   ] >> CI_CD_SESSION_ID: 1745255782583450
2025-04-21 19:16:22,584 [MainThread  ] [INFO   ] 
=== 1. Authorization ===
2025-04-21 19:16:22,584 [MainThread  ] [DEBUG  ] Starting new HTTPS connection (1): dm-em.informaticacloud.com:443
2025-04-21 19:16:22,991 [MainThread  ] [DEBUG  ] https://dm-em.informaticacloud.com:443 "POST /ma/api/v2/user/login HTTP/1.1" 200 None
2025-04-21 19:16:22,991 [MainThread  ] [INFO   ] Authentication successful
2025-04-21 19:16:22,991 [MainThread  ] [INFO   ] ic_server_url: https://emw1.dm-em.informaticacloud.com/saas
2025-04-21 19:16:22,991 [MainThread  ] [INFO   ] ic_session_id: 7YZI1ykLZElhAnMb6H5Hop
2025-04-21 19:16:22,991 [MainThread  ] [INFO   ] 
=== 2. Get list of objects to export ===
2025-04-21 19:16:23,015 [MainThread  ] [INFO   ] 
=== 7. Create cdi_objects collection ===
2025-04-21 19:16:23,015 [MainThread  ] [INFO   ] add Mappings
2025-04-21 19:16:23,020 [MainThread  ] [DEBUG  ] Starting new HTTPS connection (1): emw1.dm-em.informaticacloud.com:443
2025-04-21 19:16:24,791 [MainThread  ] [DEBUG  ] https://emw1.dm-em.informaticacloud.com:443 "GET /saas/public/core/v3/objects?q=type=='Mapping' HTTP/1.1" 200 None
2025-04-21 19:16:24,850 [MainThread  ] [INFO   ] add Mapping Tasks
2025-04-21 19:16:24,850 [MainThread  ] [DEBUG  ] Starting new HTTPS connection (1): emw1.dm-em.informaticacloud.com:443
2025-04-21 19:16:26,351 [MainThread  ] [DEBUG  ] https://emw1.dm-em.informaticacloud.com:443 "GET /saas/public/core/v3/objects?q=type=='MTT' HTTP/1.1" 200 None
2025-04-21 19:16:26,398 [MainThread  ] [INFO   ] add TaskFlows
2025-04-21 19:16:26,404 [MainThread  ] [DEBUG  ] Starting new HTTPS connection (1): emw1.dm-em.informaticacloud.com:443
2025-04-21 19:16:27,067 [MainThread  ] [DEBUG  ] https://emw1.dm-em.informaticacloud.com:443 "GET /saas/public/core/v3/objects?q=type=='TASKFLOW' HTTP/1.1" 200 None
2025-04-21 19:16:27,067 [MainThread  ] [INFO   ] 
=== 8. Search id for objects ====
2025-04-21 19:16:27,067 [MainThread  ] [INFO   ] map_object_to_export: 
{'IDMC_demo/ETL_Pipelines_idmc/m_calc_budget_usage_datamart': ('m_calc_budget_usage_datamart', '8PQLN3bB82EfLMhnVaAoil'), 'IDMC_demo/ETL_Pipelines_idmc/mt_calc_datamart_Budget_usage': ('mt_calc_datamart_Budget_usage', '6tbjQouMPZ9bSMguFJBwky'), 'IDMC_demo/ETL_Pipelines_idmc/tf_run_data_load_to_DWH': ('tf_run_data_load_to_DWH', 'dpF0myoYhsbhdXbeXp004S'), 'ETL Framework/SNE_Transfer_To_Datamarts_Layer_1/m_startRUN_insert_new_RUN_ID': ('m_startRUN_insert_new_RUN_ID', '6PVdmuxEuSSfi0FCb1CsS1'), 'ETL Framework/SNE_Transfer_To_Datamarts_Layer_1/mt_startRUN_custom_scen': ('mt_startRUN_custom_scen', '7ytNIqjKXwyj8bk2hGNzYI'), 'ETL Framework/SNE_Transfer_To_Datamarts_Layer_1/tf_Global_LOAD_Datamarts_Layer_1': ('tf_Global_LOAD_Datamarts_Layer_1', 'exEWE5dAvEGiMQGND2DRu3'), 'ETL Framework/SNE_00_GLOBAL_TF_Orchestration/tf_GLOBAL_Load_Datamats_Layers_from_1_to_4': ('tf_GLOBAL_Load_Datamats_Layers_from_1_to_4', '0wIuCc3kU2pba68J5W6xcl')}
2025-04-21 19:16:27,067 [MainThread  ] [INFO   ] 
=== 7. Run Export Job for each object ===
2025-04-21 19:16:27,067 [MainThread  ] [INFO   ] 
(7.1) >> ic_object_path: IDMC_demo/ETL_Pipelines_idmc/m_calc_budget_usage_datamart | ic_object_name: m_calc_budget_usage_datamart | ic_object_id: 8PQLN3bB82EfLMhnVaAoil
2025-04-21 19:16:27,067 [MainThread  ] [INFO   ] 
(7.1) >> export_job_name: m_calc_budget_usage_datamart-1745255782583450
2025-04-21 19:16:27,083 [MainThread  ] [DEBUG  ] Starting new HTTPS connection (1): emw1.dm-em.informaticacloud.com:443
2025-04-21 19:16:27,562 [MainThread  ] [DEBUG  ] https://emw1.dm-em.informaticacloud.com:443 "POST /saas/public/core/v3/export HTTP/1.1" 200 None
2025-04-21 19:16:27,578 [MainThread  ] [INFO   ] (7.1) >> ic_export_job_id: 6xsCvwxXLbLhJb2h1L3eqf
2025-04-21 19:16:30,587 [MainThread  ] [INFO   ] 
===  8.1 Checking Export Job status ===
2025-04-21 19:16:30,587 [MainThread  ] [DEBUG  ] Starting new HTTPS connection (1): emw1.dm-em.informaticacloud.com:443
2025-04-21 19:16:30,776 [MainThread  ] [DEBUG  ] https://emw1.dm-em.informaticacloud.com:443 "GET /saas/public/core/v3/export/6xsCvwxXLbLhJb2h1L3eqf HTTP/1.1" 200 None
2025-04-21 19:16:30,792 [MainThread  ] [INFO   ] (8.1) >> [1] check_export_job_status: SUCCESSFUL
2025-04-21 19:16:30,792 [MainThread  ] [INFO   ] 
===  7.1 Load Export Package ===
2025-04-21 19:16:30,792 [MainThread  ] [INFO   ] >> Export directory created: c:/Users/azhurl01/My_GitHub/demo_informatica_ci_cd/CDI/export_to_import/dev_to_qa/1745255782583450/
2025-04-21 19:16:30,808 [MainThread  ] [DEBUG  ] Starting new HTTPS connection (1): emw1.dm-em.informaticacloud.com:443
2025-04-21 19:16:31,063 [MainThread  ] [DEBUG  ] https://emw1.dm-em.informaticacloud.com:443 "GET /saas/public/core/v3/export/6xsCvwxXLbLhJb2h1L3eqf/package HTTP/1.1" 200 None
2025-04-21 19:16:31,079 [MainThread  ] [INFO   ] [V] Package saved successfully in path 'c:/Users/azhurl01/My_GitHub/demo_informatica_ci_cd/CDI/export_to_import/dev_to_qa/1745255782583450/m_calc_budget_usage_datamart-1745255782583450.zip'
2025-04-21 19:16:31,079 [MainThread  ] [INFO   ] (7.1) -=[~+~] Package exported successfully [~+~]=-
2025-04-21 19:16:31,094 [MainThread  ] [INFO   ] 
===  8.1 Load Export Package Log ===
2025-04-21 19:16:31,096 [MainThread  ] [INFO   ] >> Export Log directory created: c:/Users/azhurl01/My_GitHub/demo_informatica_ci_cd/CDI/log/log_export/1745255782583450/
2025-04-21 19:16:31,097 [MainThread  ] [DEBUG  ] Starting new HTTPS connection (1): emw1.dm-em.informaticacloud.com:443
2025-04-21 19:16:31,369 [MainThread  ] [DEBUG  ] https://emw1.dm-em.informaticacloud.com:443 "GET /saas/public/core/v3/export/6xsCvwxXLbLhJb2h1L3eqf/log HTTP/1.1" 200 None
2025-04-21 19:16:31,369 [MainThread  ] [INFO   ] [V] Export Log saved successfully in path 'c:/Users/azhurl01/My_GitHub/demo_informatica_ci_cd/CDI/log/log_export/1745255782583450/ex_m_calc_budget_usage_datamart-1745255782583450.txt'
2025-04-21 19:16:31,384 [MainThread  ] [INFO   ] (8.1) [+] Export log saved
2025-04-21 19:16:31,384 [MainThread  ] [INFO   ] ==========================================================
2025-04-21 19:16:31,386 [MainThread  ] [INFO   ] 
(7.2) >> ic_object_path: IDMC_demo/ETL_Pipelines_idmc/mt_calc_datamart_Budget_usage | ic_object_name: mt_calc_datamart_Budget_usage | ic_object_id: 6tbjQouMPZ9bSMguFJBwky
2025-04-21 19:16:31,386 [MainThread  ] [INFO   ] 
(7.2) >> export_job_name: mt_calc_datamart_Budget_usage-1745255782583450
2025-04-21 19:16:31,388 [MainThread  ] [DEBUG  ] Starting new HTTPS connection (1): emw1.dm-em.informaticacloud.com:443
2025-04-21 19:16:31,809 [MainThread  ] [DEBUG  ] https://emw1.dm-em.informaticacloud.com:443 "POST /saas/public/core/v3/export HTTP/1.1" 200 None
2025-04-21 19:16:31,809 [MainThread  ] [INFO   ] (7.2) >> ic_export_job_id: aHKA1gJd7zLjXYon1RPJwR
2025-04-21 19:16:34,826 [MainThread  ] [INFO   ] 
===  8.2 Checking Export Job status ===
2025-04-21 19:16:34,826 [MainThread  ] [DEBUG  ] Starting new HTTPS connection (1): emw1.dm-em.informaticacloud.com:443
2025-04-21 19:16:35,039 [MainThread  ] [DEBUG  ] https://emw1.dm-em.informaticacloud.com:443 "GET /saas/public/core/v3/export/aHKA1gJd7zLjXYon1RPJwR HTTP/1.1" 200 None
2025-04-21 19:16:35,041 [MainThread  ] [INFO   ] (8.2) >> [1] check_export_job_status: SUCCESSFUL
2025-04-21 19:16:35,055 [MainThread  ] [INFO   ] 
===  7.2 Load Export Package ===
2025-04-21 19:16:35,057 [MainThread  ] [DEBUG  ] Starting new HTTPS connection (1): emw1.dm-em.informaticacloud.com:443
2025-04-21 19:16:35,264 [MainThread  ] [DEBUG  ] https://emw1.dm-em.informaticacloud.com:443 "GET /saas/public/core/v3/export/aHKA1gJd7zLjXYon1RPJwR/package HTTP/1.1" 200 None
2025-04-21 19:16:35,266 [MainThread  ] [INFO   ] [V] Package saved successfully in path 'c:/Users/azhurl01/My_GitHub/demo_informatica_ci_cd/CDI/export_to_import/dev_to_qa/1745255782583450/mt_calc_datamart_Budget_usage-1745255782583450.zip'
2025-04-21 19:16:35,267 [MainThread  ] [INFO   ] (7.2) -=[~+~] Package exported successfully [~+~]=-
2025-04-21 19:16:35,267 [MainThread  ] [INFO   ] 
===  8.2 Load Export Package Log ===
2025-04-21 19:16:35,268 [MainThread  ] [DEBUG  ] Starting new HTTPS connection (1): emw1.dm-em.informaticacloud.com:443
2025-04-21 19:16:35,536 [MainThread  ] [DEBUG  ] https://emw1.dm-em.informaticacloud.com:443 "GET /saas/public/core/v3/export/aHKA1gJd7zLjXYon1RPJwR/log HTTP/1.1" 200 None
2025-04-21 19:16:35,556 [MainThread  ] [INFO   ] [V] Export Log saved successfully in path 'c:/Users/azhurl01/My_GitHub/demo_informatica_ci_cd/CDI/log/log_export/1745255782583450/ex_mt_calc_datamart_Budget_usage-1745255782583450.txt'
2025-04-21 19:16:35,556 [MainThread  ] [INFO   ] (8.2) [+] Export log saved
2025-04-21 19:16:35,556 [MainThread  ] [INFO   ] ==========================================================
2025-04-21 19:16:35,556 [MainThread  ] [INFO   ] 
(7.3) >> ic_object_path: IDMC_demo/ETL_Pipelines_idmc/tf_run_data_load_to_DWH | ic_object_name: tf_run_data_load_to_DWH | ic_object_id: dpF0myoYhsbhdXbeXp004S
2025-04-21 19:16:35,557 [MainThread  ] [INFO   ] 
(7.3) >> export_job_name: tf_run_data_load_to_DWH-1745255782583450
2025-04-21 19:16:35,558 [MainThread  ] [DEBUG  ] Starting new HTTPS connection (1): emw1.dm-em.informaticacloud.com:443
2025-04-21 19:16:35,958 [MainThread  ] [DEBUG  ] https://emw1.dm-em.informaticacloud.com:443 "POST /saas/public/core/v3/export HTTP/1.1" 200 None
2025-04-21 19:16:35,975 [MainThread  ] [INFO   ] (7.3) >> ic_export_job_id: 4Z0xu52I61XilhtPC0uP2X
2025-04-21 19:16:38,975 [MainThread  ] [INFO   ] 
===  8.3 Checking Export Job status ===
2025-04-21 19:16:38,977 [MainThread  ] [DEBUG  ] Starting new HTTPS connection (1): emw1.dm-em.informaticacloud.com:443
2025-04-21 19:16:39,178 [MainThread  ] [DEBUG  ] https://emw1.dm-em.informaticacloud.com:443 "GET /saas/public/core/v3/export/4Z0xu52I61XilhtPC0uP2X HTTP/1.1" 200 None
2025-04-21 19:16:39,193 [MainThread  ] [INFO   ] (8.3) >> [1] check_export_job_status: SUCCESSFUL
2025-04-21 19:16:39,195 [MainThread  ] [INFO   ] 
===  7.3 Load Export Package ===
2025-04-21 19:16:39,196 [MainThread  ] [DEBUG  ] Starting new HTTPS connection (1): emw1.dm-em.informaticacloud.com:443
2025-04-21 19:16:39,397 [MainThread  ] [DEBUG  ] https://emw1.dm-em.informaticacloud.com:443 "GET /saas/public/core/v3/export/4Z0xu52I61XilhtPC0uP2X/package HTTP/1.1" 200 None
2025-04-21 19:16:39,397 [MainThread  ] [INFO   ] [V] Package saved successfully in path 'c:/Users/azhurl01/My_GitHub/demo_informatica_ci_cd/CDI/export_to_import/dev_to_qa/1745255782583450/tf_run_data_load_to_DWH-1745255782583450.zip'
2025-04-21 19:16:39,397 [MainThread  ] [INFO   ] (7.3) -=[~+~] Package exported successfully [~+~]=-
2025-04-21 19:16:39,397 [MainThread  ] [INFO   ] 
===  8.3 Load Export Package Log ===
2025-04-21 19:16:39,397 [MainThread  ] [DEBUG  ] Starting new HTTPS connection (1): emw1.dm-em.informaticacloud.com:443
2025-04-21 19:16:39,691 [MainThread  ] [DEBUG  ] https://emw1.dm-em.informaticacloud.com:443 "GET /saas/public/core/v3/export/4Z0xu52I61XilhtPC0uP2X/log HTTP/1.1" 200 None
2025-04-21 19:16:39,712 [MainThread  ] [INFO   ] [V] Export Log saved successfully in path 'c:/Users/azhurl01/My_GitHub/demo_informatica_ci_cd/CDI/log/log_export/1745255782583450/ex_tf_run_data_load_to_DWH-1745255782583450.txt'
2025-04-21 19:16:39,714 [MainThread  ] [INFO   ] (8.3) [+] Export log saved
2025-04-21 19:16:39,714 [MainThread  ] [INFO   ] ==========================================================
2025-04-21 19:16:39,714 [MainThread  ] [INFO   ] 
(7.4) >> ic_object_path: ETL Framework/SNE_Transfer_To_Datamarts_Layer_1/m_startRUN_insert_new_RUN_ID | ic_object_name: m_startRUN_insert_new_RUN_ID | ic_object_id: 6PVdmuxEuSSfi0FCb1CsS1
2025-04-21 19:16:39,715 [MainThread  ] [INFO   ] 
(7.4) >> export_job_name: m_startRUN_insert_new_RUN_ID-1745255782583450
2025-04-21 19:16:39,715 [MainThread  ] [DEBUG  ] Starting new HTTPS connection (1): emw1.dm-em.informaticacloud.com:443
2025-04-21 19:16:40,158 [MainThread  ] [DEBUG  ] https://emw1.dm-em.informaticacloud.com:443 "POST /saas/public/core/v3/export HTTP/1.1" 200 None
2025-04-21 19:16:40,182 [MainThread  ] [INFO   ] (7.4) >> ic_export_job_id: hjwz7BpwXiteKVERr0R84r
2025-04-21 19:16:43,185 [MainThread  ] [INFO   ] 
===  8.4 Checking Export Job status ===
2025-04-21 19:16:43,187 [MainThread  ] [DEBUG  ] Starting new HTTPS connection (1): emw1.dm-em.informaticacloud.com:443
2025-04-21 19:16:43,407 [MainThread  ] [DEBUG  ] https://emw1.dm-em.informaticacloud.com:443 "GET /saas/public/core/v3/export/hjwz7BpwXiteKVERr0R84r HTTP/1.1" 200 None
2025-04-21 19:16:43,422 [MainThread  ] [INFO   ] (8.4) >> [1] check_export_job_status: SUCCESSFUL
2025-04-21 19:16:43,422 [MainThread  ] [INFO   ] 
===  7.4 Load Export Package ===
2025-04-21 19:16:43,425 [MainThread  ] [DEBUG  ] Starting new HTTPS connection (1): emw1.dm-em.informaticacloud.com:443
2025-04-21 19:16:43,678 [MainThread  ] [DEBUG  ] https://emw1.dm-em.informaticacloud.com:443 "GET /saas/public/core/v3/export/hjwz7BpwXiteKVERr0R84r/package HTTP/1.1" 200 None
2025-04-21 19:16:43,678 [MainThread  ] [INFO   ] [V] Package saved successfully in path 'c:/Users/azhurl01/My_GitHub/demo_informatica_ci_cd/CDI/export_to_import/dev_to_qa/1745255782583450/m_startRUN_insert_new_RUN_ID-1745255782583450.zip'
2025-04-21 19:16:43,678 [MainThread  ] [INFO   ] (7.4) -=[~+~] Package exported successfully [~+~]=-
2025-04-21 19:16:43,678 [MainThread  ] [INFO   ] 
===  8.4 Load Export Package Log ===
2025-04-21 19:16:43,678 [MainThread  ] [DEBUG  ] Starting new HTTPS connection (1): emw1.dm-em.informaticacloud.com:443
2025-04-21 19:16:43,945 [MainThread  ] [DEBUG  ] https://emw1.dm-em.informaticacloud.com:443 "GET /saas/public/core/v3/export/hjwz7BpwXiteKVERr0R84r/log HTTP/1.1" 200 None
2025-04-21 19:16:43,960 [MainThread  ] [INFO   ] [V] Export Log saved successfully in path 'c:/Users/azhurl01/My_GitHub/demo_informatica_ci_cd/CDI/log/log_export/1745255782583450/ex_m_startRUN_insert_new_RUN_ID-1745255782583450.txt'
2025-04-21 19:16:43,960 [MainThread  ] [INFO   ] (8.4) [+] Export log saved
2025-04-21 19:16:43,960 [MainThread  ] [INFO   ] ==========================================================
2025-04-21 19:16:43,960 [MainThread  ] [INFO   ] 
(7.5) >> ic_object_path: ETL Framework/SNE_Transfer_To_Datamarts_Layer_1/mt_startRUN_custom_scen | ic_object_name: mt_startRUN_custom_scen | ic_object_id: 7ytNIqjKXwyj8bk2hGNzYI
2025-04-21 19:16:43,960 [MainThread  ] [INFO   ] 
(7.5) >> export_job_name: mt_startRUN_custom_scen-1745255782583450
2025-04-21 19:16:43,965 [MainThread  ] [DEBUG  ] Starting new HTTPS connection (1): emw1.dm-em.informaticacloud.com:443
2025-04-21 19:16:44,440 [MainThread  ] [DEBUG  ] https://emw1.dm-em.informaticacloud.com:443 "POST /saas/public/core/v3/export HTTP/1.1" 200 None
2025-04-21 19:16:44,457 [MainThread  ] [INFO   ] (7.5) >> ic_export_job_id: jpLlCD2VHcBcvGsICv8W07
2025-04-21 19:16:47,467 [MainThread  ] [INFO   ] 
===  8.5 Checking Export Job status ===
2025-04-21 19:16:47,467 [MainThread  ] [DEBUG  ] Starting new HTTPS connection (1): emw1.dm-em.informaticacloud.com:443
2025-04-21 19:16:47,673 [MainThread  ] [DEBUG  ] https://emw1.dm-em.informaticacloud.com:443 "GET /saas/public/core/v3/export/jpLlCD2VHcBcvGsICv8W07 HTTP/1.1" 200 None
2025-04-21 19:16:47,694 [MainThread  ] [INFO   ] (8.5) >> [1] check_export_job_status: SUCCESSFUL
2025-04-21 19:16:47,694 [MainThread  ] [INFO   ] 
===  7.5 Load Export Package ===
2025-04-21 19:16:47,695 [MainThread  ] [DEBUG  ] Starting new HTTPS connection (1): emw1.dm-em.informaticacloud.com:443
2025-04-21 19:16:47,903 [MainThread  ] [DEBUG  ] https://emw1.dm-em.informaticacloud.com:443 "GET /saas/public/core/v3/export/jpLlCD2VHcBcvGsICv8W07/package HTTP/1.1" 200 None
2025-04-21 19:16:47,905 [MainThread  ] [INFO   ] [V] Package saved successfully in path 'c:/Users/azhurl01/My_GitHub/demo_informatica_ci_cd/CDI/export_to_import/dev_to_qa/1745255782583450/mt_startRUN_custom_scen-1745255782583450.zip'
2025-04-21 19:16:47,906 [MainThread  ] [INFO   ] (7.5) -=[~+~] Package exported successfully [~+~]=-
2025-04-21 19:16:47,906 [MainThread  ] [INFO   ] 
===  8.5 Load Export Package Log ===
2025-04-21 19:16:47,907 [MainThread  ] [DEBUG  ] Starting new HTTPS connection (1): emw1.dm-em.informaticacloud.com:443
2025-04-21 19:16:48,156 [MainThread  ] [DEBUG  ] https://emw1.dm-em.informaticacloud.com:443 "GET /saas/public/core/v3/export/jpLlCD2VHcBcvGsICv8W07/log HTTP/1.1" 200 None
2025-04-21 19:16:48,173 [MainThread  ] [INFO   ] [V] Export Log saved successfully in path 'c:/Users/azhurl01/My_GitHub/demo_informatica_ci_cd/CDI/log/log_export/1745255782583450/ex_mt_startRUN_custom_scen-1745255782583450.txt'
2025-04-21 19:16:48,173 [MainThread  ] [INFO   ] (8.5) [+] Export log saved
2025-04-21 19:16:48,175 [MainThread  ] [INFO   ] ==========================================================
2025-04-21 19:16:48,175 [MainThread  ] [INFO   ] 
(7.6) >> ic_object_path: ETL Framework/SNE_Transfer_To_Datamarts_Layer_1/tf_Global_LOAD_Datamarts_Layer_1 | ic_object_name: tf_Global_LOAD_Datamarts_Layer_1 | ic_object_id: exEWE5dAvEGiMQGND2DRu3
2025-04-21 19:16:48,175 [MainThread  ] [INFO   ] 
(7.6) >> export_job_name: tf_Global_LOAD_Datamarts_Layer_1-1745255782583450
2025-04-21 19:16:48,176 [MainThread  ] [DEBUG  ] Starting new HTTPS connection (1): emw1.dm-em.informaticacloud.com:443
2025-04-21 19:16:48,592 [MainThread  ] [DEBUG  ] https://emw1.dm-em.informaticacloud.com:443 "POST /saas/public/core/v3/export HTTP/1.1" 200 None
2025-04-21 19:16:48,592 [MainThread  ] [INFO   ] (7.6) >> ic_export_job_id: 4Kqi2U5ykuXhUwPtnt4MCa
2025-04-21 19:16:51,607 [MainThread  ] [INFO   ] 
===  8.6 Checking Export Job status ===
2025-04-21 19:16:51,607 [MainThread  ] [DEBUG  ] Starting new HTTPS connection (1): emw1.dm-em.informaticacloud.com:443
2025-04-21 19:16:51,802 [MainThread  ] [DEBUG  ] https://emw1.dm-em.informaticacloud.com:443 "GET /saas/public/core/v3/export/4Kqi2U5ykuXhUwPtnt4MCa HTTP/1.1" 200 None
2025-04-21 19:16:51,818 [MainThread  ] [INFO   ] (8.6) >> [1] check_export_job_status: SUCCESSFUL
2025-04-21 19:16:51,818 [MainThread  ] [INFO   ] 
===  7.6 Load Export Package ===
2025-04-21 19:16:51,824 [MainThread  ] [DEBUG  ] Starting new HTTPS connection (1): emw1.dm-em.informaticacloud.com:443
2025-04-21 19:16:52,034 [MainThread  ] [DEBUG  ] https://emw1.dm-em.informaticacloud.com:443 "GET /saas/public/core/v3/export/4Kqi2U5ykuXhUwPtnt4MCa/package HTTP/1.1" 200 None
2025-04-21 19:16:52,034 [MainThread  ] [INFO   ] [V] Package saved successfully in path 'c:/Users/azhurl01/My_GitHub/demo_informatica_ci_cd/CDI/export_to_import/dev_to_qa/1745255782583450/tf_Global_LOAD_Datamarts_Layer_1-1745255782583450.zip'
2025-04-21 19:16:52,034 [MainThread  ] [INFO   ] (7.6) -=[~+~] Package exported successfully [~+~]=-
2025-04-21 19:16:52,034 [MainThread  ] [INFO   ] 
===  8.6 Load Export Package Log ===
2025-04-21 19:16:52,034 [MainThread  ] [DEBUG  ] Starting new HTTPS connection (1): emw1.dm-em.informaticacloud.com:443
2025-04-21 19:16:52,288 [MainThread  ] [DEBUG  ] https://emw1.dm-em.informaticacloud.com:443 "GET /saas/public/core/v3/export/4Kqi2U5ykuXhUwPtnt4MCa/log HTTP/1.1" 200 None
2025-04-21 19:16:52,313 [MainThread  ] [INFO   ] [V] Export Log saved successfully in path 'c:/Users/azhurl01/My_GitHub/demo_informatica_ci_cd/CDI/log/log_export/1745255782583450/ex_tf_Global_LOAD_Datamarts_Layer_1-1745255782583450.txt'
2025-04-21 19:16:52,313 [MainThread  ] [INFO   ] (8.6) [+] Export log saved
2025-04-21 19:16:52,313 [MainThread  ] [INFO   ] ==========================================================
2025-04-21 19:16:52,313 [MainThread  ] [INFO   ] 
(7.7) >> ic_object_path: ETL Framework/SNE_00_GLOBAL_TF_Orchestration/tf_GLOBAL_Load_Datamats_Layers_from_1_to_4 | ic_object_name: tf_GLOBAL_Load_Datamats_Layers_from_1_to_4 | ic_object_id: 0wIuCc3kU2pba68J5W6xcl
2025-04-21 19:16:52,313 [MainThread  ] [INFO   ] 
(7.7) >> export_job_name: tf_GLOBAL_Load_Datamats_Layers_from_1_to_4-1745255782583450
2025-04-21 19:16:52,314 [MainThread  ] [DEBUG  ] Starting new HTTPS connection (1): emw1.dm-em.informaticacloud.com:443
2025-04-21 19:16:52,722 [MainThread  ] [DEBUG  ] https://emw1.dm-em.informaticacloud.com:443 "POST /saas/public/core/v3/export HTTP/1.1" 200 None
2025-04-21 19:16:52,754 [MainThread  ] [INFO   ] (7.7) >> ic_export_job_id: 2Ha6dlvwz2klfe0fGBOxMs
2025-04-21 19:16:55,756 [MainThread  ] [INFO   ] 
===  8.7 Checking Export Job status ===
2025-04-21 19:16:55,756 [MainThread  ] [DEBUG  ] Starting new HTTPS connection (1): emw1.dm-em.informaticacloud.com:443
2025-04-21 19:16:55,968 [MainThread  ] [DEBUG  ] https://emw1.dm-em.informaticacloud.com:443 "GET /saas/public/core/v3/export/2Ha6dlvwz2klfe0fGBOxMs HTTP/1.1" 200 None
2025-04-21 19:16:55,991 [MainThread  ] [INFO   ] (8.7) >> [1] check_export_job_status: SUCCESSFUL
2025-04-21 19:16:55,991 [MainThread  ] [INFO   ] 
===  7.7 Load Export Package ===
2025-04-21 19:16:55,995 [MainThread  ] [DEBUG  ] Starting new HTTPS connection (1): emw1.dm-em.informaticacloud.com:443
2025-04-21 19:16:56,196 [MainThread  ] [DEBUG  ] https://emw1.dm-em.informaticacloud.com:443 "GET /saas/public/core/v3/export/2Ha6dlvwz2klfe0fGBOxMs/package HTTP/1.1" 200 None
2025-04-21 19:16:56,196 [MainThread  ] [INFO   ] [V] Package saved successfully in path 'c:/Users/azhurl01/My_GitHub/demo_informatica_ci_cd/CDI/export_to_import/dev_to_qa/1745255782583450/tf_GLOBAL_Load_Datamats_Layers_from_1_to_4-1745255782583450.zip'
2025-04-21 19:16:56,196 [MainThread  ] [INFO   ] (7.7) -=[~+~] Package exported successfully [~+~]=-
2025-04-21 19:16:56,196 [MainThread  ] [INFO   ] 
===  8.7 Load Export Package Log ===
2025-04-21 19:16:56,196 [MainThread  ] [DEBUG  ] Starting new HTTPS connection (1): emw1.dm-em.informaticacloud.com:443
2025-04-21 19:16:56,465 [MainThread  ] [DEBUG  ] https://emw1.dm-em.informaticacloud.com:443 "GET /saas/public/core/v3/export/2Ha6dlvwz2klfe0fGBOxMs/log HTTP/1.1" 200 None
2025-04-21 19:16:56,484 [MainThread  ] [INFO   ] [V] Export Log saved successfully in path 'c:/Users/azhurl01/My_GitHub/demo_informatica_ci_cd/CDI/log/log_export/1745255782583450/ex_tf_GLOBAL_Load_Datamats_Layers_from_1_to_4-1745255782583450.txt'
2025-04-21 19:16:56,484 [MainThread  ] [INFO   ] (8.7) [+] Export log saved
2025-04-21 19:16:56,485 [MainThread  ] [INFO   ] ==========================================================
2025-04-21 19:16:56,485 [MainThread  ] [INFO   ] 
=== Export is finished | CI_CD_SESSION_ID: 1745255782583450 ===
